{"level":"info","message":"⌛ Building environment","timeElapsed":638,"timestamp":"2024-10-17T23:50:41.805Z"}
{"level":"info","message":"onRequest - WORKSPACE_URI:file:///c%3A/Users/user/Desktop/Simbiosis/UTN/Segundo%20A%C3%B1o/Paradigmas%20de%20Programaci%C3%B3n/Objetos/Gu%C3%ADa%202","timestamp":"2024-10-17T23:50:41.811Z"}
{"level":"info","message":"⌛ Building environment","timeElapsed":118,"timestamp":"2024-10-17T23:50:41.930Z"}
{"level":"info","message":"⌛ Building environment","timeElapsed":201,"timestamp":"2024-10-17T23:50:42.133Z"}
{"level":"info","message":"⌛ Building environment","timeElapsed":190,"timestamp":"2024-10-17T23:50:42.324Z"}
{"level":"info","message":"⌛ Building environment","timeElapsed":405,"timestamp":"2024-10-17T23:50:42.731Z"}
{"level":"info","message":"⌛ Building environment","timeElapsed":314,"timestamp":"2024-10-17T23:50:43.376Z"}
{"level":"info","message":"⌛ Validating Ejercicio%204/Bolita.wlk","timeElapsed":474,"timestamp":"2024-10-17T23:50:44.351Z"}
{"level":"info","message":"⌛ Validating Ejercicio%203/Animales.wlk","timeElapsed":467,"timestamp":"2024-10-17T23:50:44.820Z"}
{"level":"info","message":"⌛ Validating Ejercicio%203/Estaci%C3%B3nDeServicio.wlk","timeElapsed":594,"timestamp":"2024-10-17T23:50:45.421Z"}
{"level":"info","message":"⌛ Building environment","timeElapsed":290,"timestamp":"2024-10-17T23:50:45.738Z"}
{"level":"info","message":"⌛ Validating Ejercicio%203/Comederos.wlk","timeElapsed":357,"timestamp":"2024-10-17T23:50:46.190Z"}
{"level":"info","message":"⌛ Building environment","timeElapsed":136,"timestamp":"2024-10-17T23:50:46.328Z"}
{"level":"info","message":"⌛ Building environment","timeElapsed":349,"timestamp":"2024-10-17T23:50:46.678Z"}
{"level":"info","message":"⌛ Validating Ejercicio%203/Comederos.wlk","timeElapsed":172,"timestamp":"2024-10-17T23:50:46.851Z"}
{"level":"info","message":"⌛ Building environment","timeElapsed":104,"timestamp":"2024-10-17T23:50:46.956Z"}
{"level":"info","message":"⌛ Building environment","timeElapsed":403,"timestamp":"2024-10-17T23:50:47.386Z"}
{"level":"info","message":"⌛ Building environment","timeElapsed":255,"timestamp":"2024-10-17T23:50:47.644Z"}
{"level":"info","message":"⌛ Building environment","timeElapsed":126,"timestamp":"2024-10-17T23:50:47.843Z"}
{"level":"info","message":"⌛ Validating Ejercicio%204/Bolita.wlk","timeElapsed":356,"timestamp":"2024-10-17T23:50:48.234Z"}
{"level":"info","message":"⌛ Validating Ejercicio%203/Animales.wlk","timeElapsed":338,"timestamp":"2024-10-17T23:50:48.573Z"}
{"level":"info","message":"⌛ Validating Ejercicio%203/Estaci%C3%B3nDeServicio.wlk","timeElapsed":180,"timestamp":"2024-10-17T23:50:48.754Z"}
{"level":"info","message":"⌛ Validating Ejercicio%203/Comederos.wlk","timeElapsed":183,"timestamp":"2024-10-17T23:50:48.938Z"}
{"level":"info","message":"⌛ Validating Ejercicio%205/Porcentaje.wlk","timeElapsed":339,"timestamp":"2024-10-17T23:50:49.278Z"}
{"level":"info","message":"⌛ Validating Ejercicio%204/Tramos.wlk","timeElapsed":189,"timestamp":"2024-10-17T23:50:49.468Z"}
{"level":"info","message":"⌛ Validating Ejercicio%202/Juego.wlk","timeElapsed":307,"timestamp":"2024-10-17T23:50:49.776Z"}
{"level":"info","message":"⌛ Validating Ejercicio%201/Micros.wlk","timeElapsed":288,"timestamp":"2024-10-17T23:50:50.064Z"}
{"level":"info","message":"⌛ Validating Ejercicio%201/Gente.wlk","timeElapsed":185,"timestamp":"2024-10-17T23:50:50.250Z"}
{"level":"info","message":"⌛ Validating Ejercicio%203/Comederos.wlk","timeElapsed":272,"timestamp":"2024-10-17T23:50:50.522Z"}
{"level":"info","message":"⌛ Building environment","timeElapsed":333,"timestamp":"2024-10-17T23:50:50.884Z"}
{"level":"info","message":"⌛ Building environment","timeElapsed":125,"timestamp":"2024-10-17T23:50:51.173Z"}
{"level":"info","message":"⌛ Validating Ejercicio%203/Comederos.wlk","timeElapsed":238,"timestamp":"2024-10-17T23:50:51.419Z"}
{"level":"info","message":"⌛ Validating Ejercicio%203/Comederos.wlk","timeElapsed":223,"timestamp":"2024-10-17T23:50:51.642Z"}
{"level":"info","message":"⌛ Building environment","timeElapsed":163,"timestamp":"2024-10-17T23:50:51.808Z"}
{"level":"info","message":"⌛ Validating Ejercicio%203/Comederos.wlk","timeElapsed":171,"timestamp":"2024-10-17T23:50:51.987Z"}
{"level":"info","message":"⌛ Building environment","timeElapsed":175,"timestamp":"2024-10-17T23:51:01.346Z"}
{"level":"error","message":"✘ Completions for node failed: Error: [If]{3953db} at Ejercicio%201/Micros.wlk:21 exhausted all cases without a match [If]{3953db} at Ejercicio%201/Micros.wlk:21 exhausted all cases without a match","stack":"Error: [If]{3953db} at Ejercicio%201/Micros.wlk:21 exhausted all cases without a match\n    at c:\\Users\\user\\.vscode\\extensions\\uqbar.wollok-lsp-ide-0.3.6\\out\\server\\src\\server.js:38:6067\n    at yh (c:\\Users\\user\\.vscode\\extensions\\uqbar.wollok-lsp-ide-0.3.6\\out\\server\\src\\server.js:2291:42)\n    at kh (c:\\Users\\user\\.vscode\\extensions\\uqbar.wollok-lsp-ide-0.3.6\\out\\server\\src\\server.js:2291:1004)\n    at z5n (c:\\Users\\user\\.vscode\\extensions\\uqbar.wollok-lsp-ide-0.3.6\\out\\server\\src\\server.js:2291:730)\n    at c:\\Users\\user\\.vscode\\extensions\\uqbar.wollok-lsp-ide-0.3.6\\out\\server\\src\\server.js:38:6056\n    at yh (c:\\Users\\user\\.vscode\\extensions\\uqbar.wollok-lsp-ide-0.3.6\\out\\server\\src\\server.js:2291:42)\n    at c:\\Users\\user\\.vscode\\extensions\\uqbar.wollok-lsp-ide-0.3.6\\out\\server\\src\\server.js:2291:2700\n    at c:\\Users\\user\\.vscode\\extensions\\uqbar.wollok-lsp-ide-0.3.6\\out\\server\\src\\server.js:2298:3774\n    at c:\\Users\\user\\.vscode\\extensions\\uqbar.wollok-lsp-ide-0.3.6\\out\\server\\src\\server.js:37:74872\n    at Fe (c:\\Users\\user\\.vscode\\extensions\\uqbar.wollok-lsp-ide-0.3.6\\out\\server\\src\\server.js:7:8527)","timestamp":"2024-10-17T23:51:01.403Z"}
{"level":"info","message":"⌛ Building environment","timeElapsed":155,"timestamp":"2024-10-17T23:51:01.562Z"}
{"level":"info","message":"⌛ Validating Ejercicio%201/Micros.wlk","timeElapsed":208,"timestamp":"2024-10-17T23:51:01.773Z"}
{"level":"info","message":"⌛ Building environment","timeElapsed":245,"timestamp":"2024-10-17T23:51:02.020Z"}
{"level":"info","message":"⌛ Building environment","timeElapsed":176,"timestamp":"2024-10-17T23:51:02.200Z"}
{"level":"error","message":"✘ Completions for node failed: Error: [If]{185e03} at Ejercicio%201/Micros.wlk:21 exhausted all cases without a match [If]{185e03} at Ejercicio%201/Micros.wlk:21 exhausted all cases without a match","stack":"Error: [If]{185e03} at Ejercicio%201/Micros.wlk:21 exhausted all cases without a match\n    at c:\\Users\\user\\.vscode\\extensions\\uqbar.wollok-lsp-ide-0.3.6\\out\\server\\src\\server.js:38:6067\n    at yh (c:\\Users\\user\\.vscode\\extensions\\uqbar.wollok-lsp-ide-0.3.6\\out\\server\\src\\server.js:2291:42)\n    at kh (c:\\Users\\user\\.vscode\\extensions\\uqbar.wollok-lsp-ide-0.3.6\\out\\server\\src\\server.js:2291:1004)\n    at z5n (c:\\Users\\user\\.vscode\\extensions\\uqbar.wollok-lsp-ide-0.3.6\\out\\server\\src\\server.js:2291:730)\n    at c:\\Users\\user\\.vscode\\extensions\\uqbar.wollok-lsp-ide-0.3.6\\out\\server\\src\\server.js:38:6056\n    at yh (c:\\Users\\user\\.vscode\\extensions\\uqbar.wollok-lsp-ide-0.3.6\\out\\server\\src\\server.js:2291:42)\n    at c:\\Users\\user\\.vscode\\extensions\\uqbar.wollok-lsp-ide-0.3.6\\out\\server\\src\\server.js:2291:2700\n    at c:\\Users\\user\\.vscode\\extensions\\uqbar.wollok-lsp-ide-0.3.6\\out\\server\\src\\server.js:2298:3774\n    at c:\\Users\\user\\.vscode\\extensions\\uqbar.wollok-lsp-ide-0.3.6\\out\\server\\src\\server.js:37:74872\n    at Fe (c:\\Users\\user\\.vscode\\extensions\\uqbar.wollok-lsp-ide-0.3.6\\out\\server\\src\\server.js:7:8527)","timestamp":"2024-10-17T23:51:02.244Z"}
{"level":"info","message":"⌛ Validating Ejercicio%201/Micros.wlk","timeElapsed":164,"timestamp":"2024-10-17T23:51:02.415Z"}
{"level":"info","message":"⌛ Building environment","timeElapsed":128,"timestamp":"2024-10-17T23:51:02.548Z"}
{"level":"info","message":"⌛ Validating Ejercicio%201/Micros.wlk","timeElapsed":198,"timestamp":"2024-10-17T23:51:02.747Z"}
{"level":"info","message":"⌛ Validating Ejercicio%201/Micros.wlk","timeElapsed":158,"timestamp":"2024-10-17T23:51:02.915Z"}
{"level":"info","message":"⌛ Building environment","timeElapsed":132,"timestamp":"2024-10-17T23:51:03.049Z"}
{"level":"info","message":"⌛ Validating Ejercicio%201/Micros.wlk","timeElapsed":169,"timestamp":"2024-10-17T23:51:03.227Z"}
{"level":"info","message":"⌛ Building environment","timeElapsed":120,"timestamp":"2024-10-17T23:51:03.349Z"}
{"level":"error","message":"✘ Completions for node failed: Error: [If]{5f75cf} at Ejercicio%201/Micros.wlk:21 exhausted all cases without a match [If]{5f75cf} at Ejercicio%201/Micros.wlk:21 exhausted all cases without a match","stack":"Error: [If]{5f75cf} at Ejercicio%201/Micros.wlk:21 exhausted all cases without a match\n    at c:\\Users\\user\\.vscode\\extensions\\uqbar.wollok-lsp-ide-0.3.6\\out\\server\\src\\server.js:38:6067\n    at yh (c:\\Users\\user\\.vscode\\extensions\\uqbar.wollok-lsp-ide-0.3.6\\out\\server\\src\\server.js:2291:42)\n    at kh (c:\\Users\\user\\.vscode\\extensions\\uqbar.wollok-lsp-ide-0.3.6\\out\\server\\src\\server.js:2291:1004)\n    at z5n (c:\\Users\\user\\.vscode\\extensions\\uqbar.wollok-lsp-ide-0.3.6\\out\\server\\src\\server.js:2291:730)\n    at c:\\Users\\user\\.vscode\\extensions\\uqbar.wollok-lsp-ide-0.3.6\\out\\server\\src\\server.js:38:6056\n    at yh (c:\\Users\\user\\.vscode\\extensions\\uqbar.wollok-lsp-ide-0.3.6\\out\\server\\src\\server.js:2291:42)\n    at c:\\Users\\user\\.vscode\\extensions\\uqbar.wollok-lsp-ide-0.3.6\\out\\server\\src\\server.js:2291:2700\n    at c:\\Users\\user\\.vscode\\extensions\\uqbar.wollok-lsp-ide-0.3.6\\out\\server\\src\\server.js:2298:3774\n    at c:\\Users\\user\\.vscode\\extensions\\uqbar.wollok-lsp-ide-0.3.6\\out\\server\\src\\server.js:37:74872\n    at Fe (c:\\Users\\user\\.vscode\\extensions\\uqbar.wollok-lsp-ide-0.3.6\\out\\server\\src\\server.js:7:8527)","timestamp":"2024-10-17T23:51:03.381Z"}
{"level":"info","message":"⌛ Building environment","timeElapsed":156,"timestamp":"2024-10-17T23:51:03.546Z"}
{"level":"info","message":"⌛ Validating Ejercicio%201/Micros.wlk","timeElapsed":141,"timestamp":"2024-10-17T23:51:03.694Z"}
{"level":"info","message":"⌛ Building environment","timeElapsed":103,"timestamp":"2024-10-17T23:51:03.800Z"}
{"level":"info","message":"⌛ Validating Ejercicio%201/Micros.wlk","timeElapsed":155,"timestamp":"2024-10-17T23:51:03.955Z"}
{"level":"info","message":"⌛ Building environment","timeElapsed":107,"timestamp":"2024-10-17T23:51:04.071Z"}
{"level":"info","message":"⌛ Building environment","timeElapsed":107,"timestamp":"2024-10-17T23:51:04.188Z"}
{"level":"error","message":"✘ Completions for node failed: Error: [If]{a4cfb8} at Ejercicio%201/Micros.wlk:21 exhausted all cases without a match [If]{a4cfb8} at Ejercicio%201/Micros.wlk:21 exhausted all cases without a match","stack":"Error: [If]{a4cfb8} at Ejercicio%201/Micros.wlk:21 exhausted all cases without a match\n    at c:\\Users\\user\\.vscode\\extensions\\uqbar.wollok-lsp-ide-0.3.6\\out\\server\\src\\server.js:38:6067\n    at yh (c:\\Users\\user\\.vscode\\extensions\\uqbar.wollok-lsp-ide-0.3.6\\out\\server\\src\\server.js:2291:42)\n    at kh (c:\\Users\\user\\.vscode\\extensions\\uqbar.wollok-lsp-ide-0.3.6\\out\\server\\src\\server.js:2291:1004)\n    at z5n (c:\\Users\\user\\.vscode\\extensions\\uqbar.wollok-lsp-ide-0.3.6\\out\\server\\src\\server.js:2291:730)\n    at c:\\Users\\user\\.vscode\\extensions\\uqbar.wollok-lsp-ide-0.3.6\\out\\server\\src\\server.js:38:6056\n    at yh (c:\\Users\\user\\.vscode\\extensions\\uqbar.wollok-lsp-ide-0.3.6\\out\\server\\src\\server.js:2291:42)\n    at c:\\Users\\user\\.vscode\\extensions\\uqbar.wollok-lsp-ide-0.3.6\\out\\server\\src\\server.js:2291:2700\n    at c:\\Users\\user\\.vscode\\extensions\\uqbar.wollok-lsp-ide-0.3.6\\out\\server\\src\\server.js:2298:3774\n    at c:\\Users\\user\\.vscode\\extensions\\uqbar.wollok-lsp-ide-0.3.6\\out\\server\\src\\server.js:37:74872\n    at Fe (c:\\Users\\user\\.vscode\\extensions\\uqbar.wollok-lsp-ide-0.3.6\\out\\server\\src\\server.js:7:8527)","timestamp":"2024-10-17T23:51:04.217Z"}
{"level":"info","message":"⌛ Validating Ejercicio%201/Micros.wlk","timeElapsed":115,"timestamp":"2024-10-17T23:51:04.336Z"}
{"level":"info","message":"⌛ Building environment","timeElapsed":149,"timestamp":"2024-10-17T23:51:04.486Z"}
{"level":"info","message":"⌛ Validating Ejercicio%201/Micros.wlk","timeElapsed":137,"timestamp":"2024-10-17T23:51:04.624Z"}
{"level":"info","message":"⌛ Building environment","timeElapsed":126,"timestamp":"2024-10-17T23:51:04.751Z"}
{"level":"info","message":"⌛ Validating Ejercicio%201/Micros.wlk","timeElapsed":171,"timestamp":"2024-10-17T23:51:04.922Z"}
{"level":"info","message":"⌛ Validating Ejercicio%201/Micros.wlk","timeElapsed":193,"timestamp":"2024-10-17T23:51:05.126Z"}
{"level":"info","message":"⌛ Building environment","timeElapsed":160,"timestamp":"2024-10-17T23:51:05.288Z"}
{"level":"error","message":"✘ Completions for node failed: Error: [If]{f60124} at Ejercicio%201/Micros.wlk:21 exhausted all cases without a match [If]{f60124} at Ejercicio%201/Micros.wlk:21 exhausted all cases without a match","stack":"Error: [If]{f60124} at Ejercicio%201/Micros.wlk:21 exhausted all cases without a match\n    at c:\\Users\\user\\.vscode\\extensions\\uqbar.wollok-lsp-ide-0.3.6\\out\\server\\src\\server.js:38:6067\n    at yh (c:\\Users\\user\\.vscode\\extensions\\uqbar.wollok-lsp-ide-0.3.6\\out\\server\\src\\server.js:2291:42)\n    at kh (c:\\Users\\user\\.vscode\\extensions\\uqbar.wollok-lsp-ide-0.3.6\\out\\server\\src\\server.js:2291:1004)\n    at z5n (c:\\Users\\user\\.vscode\\extensions\\uqbar.wollok-lsp-ide-0.3.6\\out\\server\\src\\server.js:2291:730)\n    at c:\\Users\\user\\.vscode\\extensions\\uqbar.wollok-lsp-ide-0.3.6\\out\\server\\src\\server.js:38:6056\n    at yh (c:\\Users\\user\\.vscode\\extensions\\uqbar.wollok-lsp-ide-0.3.6\\out\\server\\src\\server.js:2291:42)\n    at c:\\Users\\user\\.vscode\\extensions\\uqbar.wollok-lsp-ide-0.3.6\\out\\server\\src\\server.js:2291:2700\n    at c:\\Users\\user\\.vscode\\extensions\\uqbar.wollok-lsp-ide-0.3.6\\out\\server\\src\\server.js:2298:3774\n    at c:\\Users\\user\\.vscode\\extensions\\uqbar.wollok-lsp-ide-0.3.6\\out\\server\\src\\server.js:37:74872\n    at Fe (c:\\Users\\user\\.vscode\\extensions\\uqbar.wollok-lsp-ide-0.3.6\\out\\server\\src\\server.js:7:8527)","timestamp":"2024-10-17T23:51:05.316Z"}
{"level":"info","message":"⌛ Validating Ejercicio%201/Micros.wlk","timeElapsed":172,"timestamp":"2024-10-17T23:51:05.491Z"}
{"level":"info","message":"⌛ Building environment","timeElapsed":116,"timestamp":"2024-10-17T23:51:05.608Z"}
{"level":"info","message":"⌛ Validating Ejercicio%201/Micros.wlk","timeElapsed":117,"timestamp":"2024-10-17T23:51:05.737Z"}
{"level":"info","message":"⌛ Building environment","timeElapsed":121,"timestamp":"2024-10-17T23:51:05.859Z"}
{"level":"info","message":"⌛ Building environment","timeElapsed":106,"timestamp":"2024-10-17T23:51:05.967Z"}
{"level":"info","message":"⌛ Building environment","timeElapsed":135,"timestamp":"2024-10-17T23:51:06.108Z"}
{"level":"info","message":"⌛ Building environment","timeElapsed":119,"timestamp":"2024-10-17T23:51:06.227Z"}
{"level":"info","message":"⌛ Validating Ejercicio%201/Micros.wlk","timeElapsed":130,"timestamp":"2024-10-17T23:51:06.359Z"}
{"level":"info","message":"⌛ Building environment","timeElapsed":170,"timestamp":"2024-10-17T23:51:06.531Z"}
{"level":"error","message":"✘ Completions for node failed: Error: [If]{edba38} at Ejercicio%201/Micros.wlk:21 exhausted all cases without a match [If]{edba38} at Ejercicio%201/Micros.wlk:21 exhausted all cases without a match","stack":"Error: [If]{edba38} at Ejercicio%201/Micros.wlk:21 exhausted all cases without a match\n    at c:\\Users\\user\\.vscode\\extensions\\uqbar.wollok-lsp-ide-0.3.6\\out\\server\\src\\server.js:38:6067\n    at yh (c:\\Users\\user\\.vscode\\extensions\\uqbar.wollok-lsp-ide-0.3.6\\out\\server\\src\\server.js:2291:42)\n    at kh (c:\\Users\\user\\.vscode\\extensions\\uqbar.wollok-lsp-ide-0.3.6\\out\\server\\src\\server.js:2291:1004)\n    at z5n (c:\\Users\\user\\.vscode\\extensions\\uqbar.wollok-lsp-ide-0.3.6\\out\\server\\src\\server.js:2291:730)\n    at c:\\Users\\user\\.vscode\\extensions\\uqbar.wollok-lsp-ide-0.3.6\\out\\server\\src\\server.js:38:6056\n    at yh (c:\\Users\\user\\.vscode\\extensions\\uqbar.wollok-lsp-ide-0.3.6\\out\\server\\src\\server.js:2291:42)\n    at c:\\Users\\user\\.vscode\\extensions\\uqbar.wollok-lsp-ide-0.3.6\\out\\server\\src\\server.js:2291:2700\n    at c:\\Users\\user\\.vscode\\extensions\\uqbar.wollok-lsp-ide-0.3.6\\out\\server\\src\\server.js:2298:3774\n    at c:\\Users\\user\\.vscode\\extensions\\uqbar.wollok-lsp-ide-0.3.6\\out\\server\\src\\server.js:37:74872\n    at Fe (c:\\Users\\user\\.vscode\\extensions\\uqbar.wollok-lsp-ide-0.3.6\\out\\server\\src\\server.js:7:8527)","timestamp":"2024-10-17T23:51:06.573Z"}
{"level":"info","message":"⌛ Building environment","timeElapsed":134,"timestamp":"2024-10-17T23:51:06.711Z"}
{"level":"info","message":"⌛ Validating Ejercicio%201/Micros.wlk","timeElapsed":147,"timestamp":"2024-10-17T23:51:06.867Z"}
{"level":"info","message":"⌛ Validating Ejercicio%201/Micros.wlk","timeElapsed":152,"timestamp":"2024-10-17T23:51:07.033Z"}
{"level":"info","message":"⌛ Validating Ejercicio%201/Micros.wlk","timeElapsed":134,"timestamp":"2024-10-17T23:51:07.170Z"}
{"level":"info","message":"⌛ Validating Ejercicio%201/Micros.wlk","timeElapsed":136,"timestamp":"2024-10-17T23:51:07.306Z"}
{"level":"info","message":"⌛ Validating Ejercicio%201/Micros.wlk","timeElapsed":136,"timestamp":"2024-10-17T23:51:07.442Z"}
{"level":"info","message":"⌛ Building environment","timeElapsed":145,"timestamp":"2024-10-17T23:51:07.591Z"}
{"level":"info","message":"⌛ Building environment","timeElapsed":115,"timestamp":"2024-10-17T23:51:07.713Z"}
{"level":"info","message":"⌛ Validating Ejercicio%201/Micros.wlk","timeElapsed":125,"timestamp":"2024-10-17T23:51:07.838Z"}
{"level":"info","message":"⌛ Building environment","timeElapsed":102,"timestamp":"2024-10-17T23:51:07.940Z"}
{"level":"error","message":"✘ Completions for node failed: Error: [If]{3565a2} at Ejercicio%201/Micros.wlk:21 exhausted all cases without a match [If]{3565a2} at Ejercicio%201/Micros.wlk:21 exhausted all cases without a match","stack":"Error: [If]{3565a2} at Ejercicio%201/Micros.wlk:21 exhausted all cases without a match\n    at c:\\Users\\user\\.vscode\\extensions\\uqbar.wollok-lsp-ide-0.3.6\\out\\server\\src\\server.js:38:6067\n    at yh (c:\\Users\\user\\.vscode\\extensions\\uqbar.wollok-lsp-ide-0.3.6\\out\\server\\src\\server.js:2291:42)\n    at kh (c:\\Users\\user\\.vscode\\extensions\\uqbar.wollok-lsp-ide-0.3.6\\out\\server\\src\\server.js:2291:1004)\n    at z5n (c:\\Users\\user\\.vscode\\extensions\\uqbar.wollok-lsp-ide-0.3.6\\out\\server\\src\\server.js:2291:730)\n    at c:\\Users\\user\\.vscode\\extensions\\uqbar.wollok-lsp-ide-0.3.6\\out\\server\\src\\server.js:38:6056\n    at yh (c:\\Users\\user\\.vscode\\extensions\\uqbar.wollok-lsp-ide-0.3.6\\out\\server\\src\\server.js:2291:42)\n    at c:\\Users\\user\\.vscode\\extensions\\uqbar.wollok-lsp-ide-0.3.6\\out\\server\\src\\server.js:2291:2700\n    at c:\\Users\\user\\.vscode\\extensions\\uqbar.wollok-lsp-ide-0.3.6\\out\\server\\src\\server.js:2298:3774\n    at c:\\Users\\user\\.vscode\\extensions\\uqbar.wollok-lsp-ide-0.3.6\\out\\server\\src\\server.js:37:74872\n    at Fe (c:\\Users\\user\\.vscode\\extensions\\uqbar.wollok-lsp-ide-0.3.6\\out\\server\\src\\server.js:7:8527)","timestamp":"2024-10-17T23:51:07.972Z"}
{"level":"info","message":"⌛ Validating Ejercicio%201/Micros.wlk","timeElapsed":120,"timestamp":"2024-10-17T23:51:08.095Z"}
{"level":"info","message":"⌛ Building environment","timeElapsed":158,"timestamp":"2024-10-17T23:51:08.255Z"}
{"level":"info","message":"⌛ Building environment","timeElapsed":121,"timestamp":"2024-10-17T23:51:08.377Z"}
{"level":"info","message":"⌛ Building environment","timeElapsed":166,"timestamp":"2024-10-17T23:51:08.553Z"}
{"level":"info","message":"⌛ Validating Ejercicio%201/Micros.wlk","timeElapsed":141,"timestamp":"2024-10-17T23:51:08.695Z"}
{"level":"info","message":"⌛ Validating Ejercicio%201/Micros.wlk","timeElapsed":141,"timestamp":"2024-10-17T23:51:08.837Z"}
{"level":"info","message":"⌛ Validating Ejercicio%201/Micros.wlk","timeElapsed":138,"timestamp":"2024-10-17T23:51:08.983Z"}
{"level":"info","message":"⌛ Building environment","timeElapsed":132,"timestamp":"2024-10-17T23:51:09.116Z"}
{"level":"info","message":"⌛ Validating Ejercicio%201/Micros.wlk","timeElapsed":125,"timestamp":"2024-10-17T23:51:09.241Z"}
{"level":"info","message":"⌛ Validating Ejercicio%201/Micros.wlk","timeElapsed":189,"timestamp":"2024-10-17T23:51:09.431Z"}
{"level":"info","message":"⌛ Building environment","timeElapsed":141,"timestamp":"2024-10-17T23:51:09.575Z"}
{"level":"error","message":"✘ Completions for node failed: Error: [If]{b4b98a} at Ejercicio%201/Micros.wlk:21 exhausted all cases without a match [If]{b4b98a} at Ejercicio%201/Micros.wlk:21 exhausted all cases without a match","stack":"Error: [If]{b4b98a} at Ejercicio%201/Micros.wlk:21 exhausted all cases without a match\n    at c:\\Users\\user\\.vscode\\extensions\\uqbar.wollok-lsp-ide-0.3.6\\out\\server\\src\\server.js:38:6067\n    at yh (c:\\Users\\user\\.vscode\\extensions\\uqbar.wollok-lsp-ide-0.3.6\\out\\server\\src\\server.js:2291:42)\n    at kh (c:\\Users\\user\\.vscode\\extensions\\uqbar.wollok-lsp-ide-0.3.6\\out\\server\\src\\server.js:2291:1004)\n    at z5n (c:\\Users\\user\\.vscode\\extensions\\uqbar.wollok-lsp-ide-0.3.6\\out\\server\\src\\server.js:2291:730)\n    at c:\\Users\\user\\.vscode\\extensions\\uqbar.wollok-lsp-ide-0.3.6\\out\\server\\src\\server.js:38:6056\n    at yh (c:\\Users\\user\\.vscode\\extensions\\uqbar.wollok-lsp-ide-0.3.6\\out\\server\\src\\server.js:2291:42)\n    at c:\\Users\\user\\.vscode\\extensions\\uqbar.wollok-lsp-ide-0.3.6\\out\\server\\src\\server.js:2291:2700\n    at c:\\Users\\user\\.vscode\\extensions\\uqbar.wollok-lsp-ide-0.3.6\\out\\server\\src\\server.js:2298:3774\n    at c:\\Users\\user\\.vscode\\extensions\\uqbar.wollok-lsp-ide-0.3.6\\out\\server\\src\\server.js:37:74872\n    at Fe (c:\\Users\\user\\.vscode\\extensions\\uqbar.wollok-lsp-ide-0.3.6\\out\\server\\src\\server.js:7:8527)","timestamp":"2024-10-17T23:51:09.605Z"}
{"level":"info","message":"⌛ Building environment","timeElapsed":229,"timestamp":"2024-10-17T23:51:09.838Z"}
{"level":"info","message":"⌛ Validating Ejercicio%201/Micros.wlk","timeElapsed":206,"timestamp":"2024-10-17T23:51:10.057Z"}
{"level":"info","message":"⌛ Building environment","timeElapsed":135,"timestamp":"2024-10-17T23:51:10.194Z"}
{"level":"info","message":"⌛ Building environment","timeElapsed":137,"timestamp":"2024-10-17T23:51:10.331Z"}
{"level":"info","message":"⌛ Building environment","timeElapsed":106,"timestamp":"2024-10-17T23:51:10.442Z"}
{"level":"info","message":"⌛ Validating Ejercicio%201/Micros.wlk","timeElapsed":199,"timestamp":"2024-10-17T23:51:10.642Z"}
{"level":"info","message":"⌛ Validating Ejercicio%201/Micros.wlk","timeElapsed":235,"timestamp":"2024-10-17T23:51:10.909Z"}
{"level":"info","message":"⌛ Validating Ejercicio%201/Micros.wlk","timeElapsed":140,"timestamp":"2024-10-17T23:51:11.050Z"}
{"level":"info","message":"⌛ Validating Ejercicio%201/Micros.wlk","timeElapsed":147,"timestamp":"2024-10-17T23:51:11.197Z"}
{"level":"info","message":"⌛ Validating Ejercicio%201/Micros.wlk","timeElapsed":137,"timestamp":"2024-10-17T23:51:11.334Z"}
{"level":"info","message":"⌛ Validating Ejercicio%201/Micros.wlk","timeElapsed":185,"timestamp":"2024-10-17T23:51:11.541Z"}
{"level":"info","message":"⌛ Building environment","timeElapsed":134,"timestamp":"2024-10-17T23:51:11.701Z"}
{"level":"error","message":"✘ Completions for node failed: Error: [If]{a5edb9} at Ejercicio%201/Micros.wlk:30 exhausted all cases without a match [If]{a5edb9} at Ejercicio%201/Micros.wlk:30 exhausted all cases without a match","stack":"Error: [If]{a5edb9} at Ejercicio%201/Micros.wlk:30 exhausted all cases without a match\n    at c:\\Users\\user\\.vscode\\extensions\\uqbar.wollok-lsp-ide-0.3.6\\out\\server\\src\\server.js:38:6067\n    at yh (c:\\Users\\user\\.vscode\\extensions\\uqbar.wollok-lsp-ide-0.3.6\\out\\server\\src\\server.js:2291:42)\n    at kh (c:\\Users\\user\\.vscode\\extensions\\uqbar.wollok-lsp-ide-0.3.6\\out\\server\\src\\server.js:2291:1004)\n    at z5n (c:\\Users\\user\\.vscode\\extensions\\uqbar.wollok-lsp-ide-0.3.6\\out\\server\\src\\server.js:2291:730)\n    at c:\\Users\\user\\.vscode\\extensions\\uqbar.wollok-lsp-ide-0.3.6\\out\\server\\src\\server.js:38:6056\n    at yh (c:\\Users\\user\\.vscode\\extensions\\uqbar.wollok-lsp-ide-0.3.6\\out\\server\\src\\server.js:2291:42)\n    at c:\\Users\\user\\.vscode\\extensions\\uqbar.wollok-lsp-ide-0.3.6\\out\\server\\src\\server.js:2291:2700\n    at c:\\Users\\user\\.vscode\\extensions\\uqbar.wollok-lsp-ide-0.3.6\\out\\server\\src\\server.js:2298:3774\n    at c:\\Users\\user\\.vscode\\extensions\\uqbar.wollok-lsp-ide-0.3.6\\out\\server\\src\\server.js:37:74872\n    at Fe (c:\\Users\\user\\.vscode\\extensions\\uqbar.wollok-lsp-ide-0.3.6\\out\\server\\src\\server.js:7:8527)","timestamp":"2024-10-17T23:51:11.736Z"}
{"level":"info","message":"⌛ Building environment","timeElapsed":115,"timestamp":"2024-10-17T23:51:11.854Z"}
{"level":"info","message":"⌛ Building environment","timeElapsed":132,"timestamp":"2024-10-17T23:51:11.986Z"}
{"level":"info","message":"⌛ Validating Ejercicio%201/Micros.wlk","timeElapsed":128,"timestamp":"2024-10-17T23:51:12.116Z"}
{"level":"info","message":"⌛ Validating Ejercicio%201/Micros.wlk","timeElapsed":170,"timestamp":"2024-10-17T23:51:12.288Z"}
{"level":"info","message":"⌛ Validating Ejercicio%201/Micros.wlk","timeElapsed":189,"timestamp":"2024-10-17T23:51:12.479Z"}
{"level":"info","message":"⌛ Building environment","timeElapsed":115,"timestamp":"2024-10-17T23:51:12.605Z"}
{"level":"error","message":"✘ Completions for node failed: Error: [If]{68f7b2} at Ejercicio%201/Micros.wlk:30 exhausted all cases without a match [If]{68f7b2} at Ejercicio%201/Micros.wlk:30 exhausted all cases without a match","stack":"Error: [If]{68f7b2} at Ejercicio%201/Micros.wlk:30 exhausted all cases without a match\n    at c:\\Users\\user\\.vscode\\extensions\\uqbar.wollok-lsp-ide-0.3.6\\out\\server\\src\\server.js:38:6067\n    at yh (c:\\Users\\user\\.vscode\\extensions\\uqbar.wollok-lsp-ide-0.3.6\\out\\server\\src\\server.js:2291:42)\n    at kh (c:\\Users\\user\\.vscode\\extensions\\uqbar.wollok-lsp-ide-0.3.6\\out\\server\\src\\server.js:2291:1004)\n    at z5n (c:\\Users\\user\\.vscode\\extensions\\uqbar.wollok-lsp-ide-0.3.6\\out\\server\\src\\server.js:2291:730)\n    at c:\\Users\\user\\.vscode\\extensions\\uqbar.wollok-lsp-ide-0.3.6\\out\\server\\src\\server.js:38:6056\n    at yh (c:\\Users\\user\\.vscode\\extensions\\uqbar.wollok-lsp-ide-0.3.6\\out\\server\\src\\server.js:2291:42)\n    at c:\\Users\\user\\.vscode\\extensions\\uqbar.wollok-lsp-ide-0.3.6\\out\\server\\src\\server.js:2291:2700\n    at c:\\Users\\user\\.vscode\\extensions\\uqbar.wollok-lsp-ide-0.3.6\\out\\server\\src\\server.js:2298:3774\n    at c:\\Users\\user\\.vscode\\extensions\\uqbar.wollok-lsp-ide-0.3.6\\out\\server\\src\\server.js:37:74872\n    at Fe (c:\\Users\\user\\.vscode\\extensions\\uqbar.wollok-lsp-ide-0.3.6\\out\\server\\src\\server.js:7:8527)","timestamp":"2024-10-17T23:51:12.627Z"}
{"level":"info","message":"⌛ Building environment","timeElapsed":104,"timestamp":"2024-10-17T23:51:12.737Z"}
{"level":"info","message":"⌛ Validating Ejercicio%201/Micros.wlk","timeElapsed":197,"timestamp":"2024-10-17T23:51:12.934Z"}
{"level":"info","message":"⌛ Validating Ejercicio%201/Micros.wlk","timeElapsed":234,"timestamp":"2024-10-17T23:51:13.169Z"}
{"level":"info","message":"⌛ Building environment","timeElapsed":137,"timestamp":"2024-10-17T23:51:13.307Z"}
{"level":"info","message":"⌛ Building environment","timeElapsed":193,"timestamp":"2024-10-17T23:51:13.503Z"}
{"level":"error","message":"✘ Completions for node failed: Error: [If]{3947e1} at Ejercicio%201/Micros.wlk:30 exhausted all cases without a match [If]{3947e1} at Ejercicio%201/Micros.wlk:30 exhausted all cases without a match","stack":"Error: [If]{3947e1} at Ejercicio%201/Micros.wlk:30 exhausted all cases without a match\n    at c:\\Users\\user\\.vscode\\extensions\\uqbar.wollok-lsp-ide-0.3.6\\out\\server\\src\\server.js:38:6067\n    at yh (c:\\Users\\user\\.vscode\\extensions\\uqbar.wollok-lsp-ide-0.3.6\\out\\server\\src\\server.js:2291:42)\n    at kh (c:\\Users\\user\\.vscode\\extensions\\uqbar.wollok-lsp-ide-0.3.6\\out\\server\\src\\server.js:2291:1004)\n    at z5n (c:\\Users\\user\\.vscode\\extensions\\uqbar.wollok-lsp-ide-0.3.6\\out\\server\\src\\server.js:2291:730)\n    at c:\\Users\\user\\.vscode\\extensions\\uqbar.wollok-lsp-ide-0.3.6\\out\\server\\src\\server.js:38:6056\n    at yh (c:\\Users\\user\\.vscode\\extensions\\uqbar.wollok-lsp-ide-0.3.6\\out\\server\\src\\server.js:2291:42)\n    at c:\\Users\\user\\.vscode\\extensions\\uqbar.wollok-lsp-ide-0.3.6\\out\\server\\src\\server.js:2291:2700\n    at c:\\Users\\user\\.vscode\\extensions\\uqbar.wollok-lsp-ide-0.3.6\\out\\server\\src\\server.js:2298:3774\n    at c:\\Users\\user\\.vscode\\extensions\\uqbar.wollok-lsp-ide-0.3.6\\out\\server\\src\\server.js:37:74872\n    at Fe (c:\\Users\\user\\.vscode\\extensions\\uqbar.wollok-lsp-ide-0.3.6\\out\\server\\src\\server.js:7:8527)","timestamp":"2024-10-17T23:51:13.537Z"}
{"level":"info","message":"⌛ Building environment","timeElapsed":107,"timestamp":"2024-10-17T23:51:13.648Z"}
{"level":"info","message":"⌛ Validating Ejercicio%201/Micros.wlk","timeElapsed":188,"timestamp":"2024-10-17T23:51:13.837Z"}
{"level":"info","message":"⌛ Validating Ejercicio%201/Micros.wlk","timeElapsed":184,"timestamp":"2024-10-17T23:51:14.029Z"}
{"level":"info","message":"⌛ Validating Ejercicio%201/Micros.wlk","timeElapsed":167,"timestamp":"2024-10-17T23:51:14.197Z"}
{"level":"info","message":"⌛ Building environment","timeElapsed":135,"timestamp":"2024-10-17T23:51:14.332Z"}
{"level":"error","message":"✘ Completions for node failed: Error: [If]{d1e618} at Ejercicio%201/Micros.wlk:30 exhausted all cases without a match [If]{d1e618} at Ejercicio%201/Micros.wlk:30 exhausted all cases without a match","stack":"Error: [If]{d1e618} at Ejercicio%201/Micros.wlk:30 exhausted all cases without a match\n    at c:\\Users\\user\\.vscode\\extensions\\uqbar.wollok-lsp-ide-0.3.6\\out\\server\\src\\server.js:38:6067\n    at yh (c:\\Users\\user\\.vscode\\extensions\\uqbar.wollok-lsp-ide-0.3.6\\out\\server\\src\\server.js:2291:42)\n    at kh (c:\\Users\\user\\.vscode\\extensions\\uqbar.wollok-lsp-ide-0.3.6\\out\\server\\src\\server.js:2291:1004)\n    at z5n (c:\\Users\\user\\.vscode\\extensions\\uqbar.wollok-lsp-ide-0.3.6\\out\\server\\src\\server.js:2291:730)\n    at c:\\Users\\user\\.vscode\\extensions\\uqbar.wollok-lsp-ide-0.3.6\\out\\server\\src\\server.js:38:6056\n    at yh (c:\\Users\\user\\.vscode\\extensions\\uqbar.wollok-lsp-ide-0.3.6\\out\\server\\src\\server.js:2291:42)\n    at c:\\Users\\user\\.vscode\\extensions\\uqbar.wollok-lsp-ide-0.3.6\\out\\server\\src\\server.js:2291:2700\n    at c:\\Users\\user\\.vscode\\extensions\\uqbar.wollok-lsp-ide-0.3.6\\out\\server\\src\\server.js:2298:3774\n    at c:\\Users\\user\\.vscode\\extensions\\uqbar.wollok-lsp-ide-0.3.6\\out\\server\\src\\server.js:37:74872\n    at Fe (c:\\Users\\user\\.vscode\\extensions\\uqbar.wollok-lsp-ide-0.3.6\\out\\server\\src\\server.js:7:8527)","timestamp":"2024-10-17T23:51:14.359Z"}
{"level":"info","message":"⌛ Building environment","timeElapsed":109,"timestamp":"2024-10-17T23:51:14.470Z"}
{"level":"info","message":"⌛ Building environment","timeElapsed":173,"timestamp":"2024-10-17T23:51:14.643Z"}
{"level":"info","message":"⌛ Building environment","timeElapsed":124,"timestamp":"2024-10-17T23:51:14.768Z"}
{"level":"info","message":"⌛ Validating Ejercicio%201/Micros.wlk","timeElapsed":216,"timestamp":"2024-10-17T23:51:14.991Z"}
{"level":"info","message":"⌛ Validating Ejercicio%201/Micros.wlk","timeElapsed":304,"timestamp":"2024-10-17T23:51:15.295Z"}
{"level":"info","message":"⌛ Building environment","timeElapsed":137,"timestamp":"2024-10-17T23:51:15.433Z"}
{"level":"error","message":"✘ Completions for node failed: Error: [If]{133491} at Ejercicio%201/Micros.wlk:30 exhausted all cases without a match [If]{133491} at Ejercicio%201/Micros.wlk:30 exhausted all cases without a match","stack":"Error: [If]{133491} at Ejercicio%201/Micros.wlk:30 exhausted all cases without a match\n    at c:\\Users\\user\\.vscode\\extensions\\uqbar.wollok-lsp-ide-0.3.6\\out\\server\\src\\server.js:38:6067\n    at yh (c:\\Users\\user\\.vscode\\extensions\\uqbar.wollok-lsp-ide-0.3.6\\out\\server\\src\\server.js:2291:42)\n    at kh (c:\\Users\\user\\.vscode\\extensions\\uqbar.wollok-lsp-ide-0.3.6\\out\\server\\src\\server.js:2291:1004)\n    at z5n (c:\\Users\\user\\.vscode\\extensions\\uqbar.wollok-lsp-ide-0.3.6\\out\\server\\src\\server.js:2291:730)\n    at c:\\Users\\user\\.vscode\\extensions\\uqbar.wollok-lsp-ide-0.3.6\\out\\server\\src\\server.js:38:6056\n    at yh (c:\\Users\\user\\.vscode\\extensions\\uqbar.wollok-lsp-ide-0.3.6\\out\\server\\src\\server.js:2291:42)\n    at c:\\Users\\user\\.vscode\\extensions\\uqbar.wollok-lsp-ide-0.3.6\\out\\server\\src\\server.js:2291:2700\n    at c:\\Users\\user\\.vscode\\extensions\\uqbar.wollok-lsp-ide-0.3.6\\out\\server\\src\\server.js:2298:3774\n    at c:\\Users\\user\\.vscode\\extensions\\uqbar.wollok-lsp-ide-0.3.6\\out\\server\\src\\server.js:37:74872\n    at Fe (c:\\Users\\user\\.vscode\\extensions\\uqbar.wollok-lsp-ide-0.3.6\\out\\server\\src\\server.js:7:8527)","timestamp":"2024-10-17T23:51:15.464Z"}
{"level":"info","message":"⌛ Validating Ejercicio%201/Micros.wlk","timeElapsed":122,"timestamp":"2024-10-17T23:51:15.594Z"}
{"level":"info","message":"⌛ Building environment","timeElapsed":129,"timestamp":"2024-10-17T23:51:15.724Z"}
{"level":"info","message":"⌛ Validating Ejercicio%201/Micros.wlk","timeElapsed":180,"timestamp":"2024-10-17T23:51:15.907Z"}
{"level":"info","message":"⌛ Building environment","timeElapsed":149,"timestamp":"2024-10-17T23:51:16.056Z"}
{"level":"info","message":"⌛ Building environment","timeElapsed":134,"timestamp":"2024-10-17T23:51:16.191Z"}
{"level":"info","message":"⌛ Building environment","timeElapsed":136,"timestamp":"2024-10-17T23:51:16.329Z"}
{"level":"info","message":"⌛ Building environment","timeElapsed":225,"timestamp":"2024-10-17T23:51:16.555Z"}
{"level":"info","message":"⌛ Building environment","timeElapsed":130,"timestamp":"2024-10-17T23:51:16.685Z"}
{"level":"info","message":"⌛ Validating Ejercicio%201/Micros.wlk","timeElapsed":134,"timestamp":"2024-10-17T23:51:16.825Z"}
{"level":"info","message":"⌛ Validating Ejercicio%201/Micros.wlk","timeElapsed":151,"timestamp":"2024-10-17T23:51:16.988Z"}
{"level":"info","message":"⌛ Validating Ejercicio%201/Micros.wlk","timeElapsed":161,"timestamp":"2024-10-17T23:51:17.151Z"}
{"level":"info","message":"⌛ Validating Ejercicio%201/Micros.wlk","timeElapsed":169,"timestamp":"2024-10-17T23:51:17.322Z"}
{"level":"info","message":"⌛ Validating Ejercicio%201/Micros.wlk","timeElapsed":131,"timestamp":"2024-10-17T23:51:17.454Z"}
{"level":"info","message":"⌛ Building environment","timeElapsed":109,"timestamp":"2024-10-17T23:51:17.563Z"}
{"level":"error","message":"✘ Completions for node failed: Error: [If]{56a992} at Ejercicio%201/Micros.wlk:30 exhausted all cases without a match [If]{56a992} at Ejercicio%201/Micros.wlk:30 exhausted all cases without a match","stack":"Error: [If]{56a992} at Ejercicio%201/Micros.wlk:30 exhausted all cases without a match\n    at c:\\Users\\user\\.vscode\\extensions\\uqbar.wollok-lsp-ide-0.3.6\\out\\server\\src\\server.js:38:6067\n    at yh (c:\\Users\\user\\.vscode\\extensions\\uqbar.wollok-lsp-ide-0.3.6\\out\\server\\src\\server.js:2291:42)\n    at kh (c:\\Users\\user\\.vscode\\extensions\\uqbar.wollok-lsp-ide-0.3.6\\out\\server\\src\\server.js:2291:1004)\n    at z5n (c:\\Users\\user\\.vscode\\extensions\\uqbar.wollok-lsp-ide-0.3.6\\out\\server\\src\\server.js:2291:730)\n    at c:\\Users\\user\\.vscode\\extensions\\uqbar.wollok-lsp-ide-0.3.6\\out\\server\\src\\server.js:38:6056\n    at yh (c:\\Users\\user\\.vscode\\extensions\\uqbar.wollok-lsp-ide-0.3.6\\out\\server\\src\\server.js:2291:42)\n    at c:\\Users\\user\\.vscode\\extensions\\uqbar.wollok-lsp-ide-0.3.6\\out\\server\\src\\server.js:2291:2700\n    at c:\\Users\\user\\.vscode\\extensions\\uqbar.wollok-lsp-ide-0.3.6\\out\\server\\src\\server.js:2298:3774\n    at c:\\Users\\user\\.vscode\\extensions\\uqbar.wollok-lsp-ide-0.3.6\\out\\server\\src\\server.js:37:74872\n    at Fe (c:\\Users\\user\\.vscode\\extensions\\uqbar.wollok-lsp-ide-0.3.6\\out\\server\\src\\server.js:7:8527)","timestamp":"2024-10-17T23:51:17.592Z"}
{"level":"info","message":"⌛ Validating Ejercicio%201/Micros.wlk","timeElapsed":152,"timestamp":"2024-10-17T23:51:17.857Z"}
{"level":"info","message":"⌛ Building environment","timeElapsed":125,"timestamp":"2024-10-17T23:51:17.984Z"}
{"level":"info","message":"⌛ Validating Ejercicio%201/Micros.wlk","timeElapsed":163,"timestamp":"2024-10-17T23:51:18.148Z"}
{"level":"info","message":"⌛ Building environment","timeElapsed":122,"timestamp":"2024-10-17T23:51:18.270Z"}
{"level":"info","message":"⌛ Building environment","timeElapsed":246,"timestamp":"2024-10-17T23:51:18.518Z"}
{"level":"info","message":"⌛ Building environment","timeElapsed":215,"timestamp":"2024-10-17T23:51:18.744Z"}
{"level":"info","message":"⌛ Building environment","timeElapsed":171,"timestamp":"2024-10-17T23:51:18.916Z"}
{"level":"info","message":"⌛ Validating Ejercicio%201/Micros.wlk","timeElapsed":140,"timestamp":"2024-10-17T23:51:19.056Z"}
{"level":"info","message":"⌛ Validating Ejercicio%201/Micros.wlk","timeElapsed":161,"timestamp":"2024-10-17T23:51:19.228Z"}
{"level":"info","message":"⌛ Building environment","timeElapsed":160,"timestamp":"2024-10-17T23:51:19.390Z"}
{"level":"info","message":"⌛ Building environment","timeElapsed":142,"timestamp":"2024-10-17T23:51:19.534Z"}
{"level":"info","message":"⌛ Validating Ejercicio%201/Micros.wlk","timeElapsed":163,"timestamp":"2024-10-17T23:51:19.701Z"}
{"level":"info","message":"⌛ Building environment","timeElapsed":110,"timestamp":"2024-10-17T23:51:19.812Z"}
{"level":"info","message":"⌛ Validating Ejercicio%201/Micros.wlk","timeElapsed":135,"timestamp":"2024-10-17T23:51:19.950Z"}
{"level":"info","message":"⌛ Validating Ejercicio%201/Micros.wlk","timeElapsed":472,"timestamp":"2024-10-17T23:51:20.441Z"}
{"level":"info","message":"⌛ Validating Ejercicio%201/Micros.wlk","timeElapsed":294,"timestamp":"2024-10-17T23:51:20.739Z"}
{"level":"info","message":"⌛ Validating Ejercicio%201/Micros.wlk","timeElapsed":222,"timestamp":"2024-10-17T23:51:20.963Z"}
{"level":"info","message":"⌛ Validating Ejercicio%201/Micros.wlk","timeElapsed":188,"timestamp":"2024-10-17T23:51:21.156Z"}
{"level":"info","message":"⌛ Validating Ejercicio%201/Micros.wlk","timeElapsed":146,"timestamp":"2024-10-17T23:51:21.302Z"}
{"level":"info","message":"⌛ Validating Ejercicio%201/Micros.wlk","timeElapsed":135,"timestamp":"2024-10-17T23:51:21.438Z"}
