{"level":"info","message":"⌛ Building environment","timeElapsed":119,"timestamp":"2024-11-04T04:05:18.989Z"}
{"level":"info","message":"⌛ Validating Monstruos.wlk","timeElapsed":136,"timestamp":"2024-11-04T04:05:19.644Z"}
{"level":"info","message":"⌛ Building environment","timeElapsed":314,"timestamp":"2024-11-04T04:05:19.644Z"}
{"level":"info","message":"⌛ Validating Monstruos.wlk","timeElapsed":185,"timestamp":"2024-11-04T04:05:19.644Z"}
{"level":"info","message":"⌛ Validating Monstruos.wlk","timeElapsed":148,"timestamp":"2024-11-04T04:05:19.793Z"}
{"level":"info","message":"⌛ Building environment","timeElapsed":185,"timestamp":"2024-11-04T04:05:19.978Z"}
{"level":"info","message":"⌛ Building environment","timeElapsed":137,"timestamp":"2024-11-04T04:05:20.124Z"}
{"level":"info","message":"⌛ Building environment","timeElapsed":138,"timestamp":"2024-11-04T04:05:20.270Z"}
{"level":"info","message":"⌛ Validating Monstruos.wlk","timeElapsed":154,"timestamp":"2024-11-04T04:05:20.431Z"}
{"level":"info","message":"⌛ Validating Monstruos.wlk","timeElapsed":170,"timestamp":"2024-11-04T04:05:20.608Z"}
{"level":"info","message":"⌛ Validating Monstruos.wlk","timeElapsed":148,"timestamp":"2024-11-04T04:05:20.757Z"}
{"level":"info","message":"⌛ Validating Monstruos.wlk","timeElapsed":157,"timestamp":"2024-11-04T04:05:20.915Z"}
{"level":"info","message":"⌛ Validating Monstruos.wlk","timeElapsed":156,"timestamp":"2024-11-04T04:05:21.072Z"}
{"level":"info","message":"⌛ Validating Monstruos.wlk","timeElapsed":168,"timestamp":"2024-11-04T04:05:21.242Z"}
{"level":"info","message":"⌛ Validating Monstruos.wlk","timeElapsed":144,"timestamp":"2024-11-04T04:05:21.386Z"}
{"level":"info","message":"⌛ Validating Monstruos.wlk","timeElapsed":138,"timestamp":"2024-11-04T04:05:21.524Z"}
{"level":"info","message":"⌛ Validating Monstruos.wlk","timeElapsed":150,"timestamp":"2024-11-04T04:05:21.674Z"}
{"level":"info","message":"⌛ Validating Monstruos.wlk","timeElapsed":136,"timestamp":"2024-11-04T04:05:21.811Z"}
{"level":"info","message":"⌛ Validating Monstruos.wlk","timeElapsed":148,"timestamp":"2024-11-04T04:05:21.959Z"}
{"level":"info","message":"⌛ Validating Monstruos.wlk","timeElapsed":157,"timestamp":"2024-11-04T04:05:22.116Z"}
{"level":"info","message":"⌛ Validating Monstruos.wlk","timeElapsed":147,"timestamp":"2024-11-04T04:05:22.264Z"}
{"level":"info","message":"⌛ Validating Monstruos.wlk","timeElapsed":152,"timestamp":"2024-11-04T04:05:22.416Z"}
{"level":"info","message":"⌛ Validating Monstruos.wlk","timeElapsed":145,"timestamp":"2024-11-04T04:05:22.563Z"}
{"level":"info","message":"⌛ Validating Monstruos.wlk","timeElapsed":160,"timestamp":"2024-11-04T04:05:22.723Z"}
{"level":"info","message":"⌛ Validating Monstruos.wlk","timeElapsed":154,"timestamp":"2024-11-04T04:05:22.877Z"}
{"level":"info","message":"⌛ Validating Monstruos.wlk","timeElapsed":141,"timestamp":"2024-11-04T04:05:23.019Z"}
{"level":"info","message":"⌛ Validating Monstruos.wlk","timeElapsed":138,"timestamp":"2024-11-04T04:05:23.158Z"}
{"level":"info","message":"⌛ Validating Monstruos.wlk","timeElapsed":140,"timestamp":"2024-11-04T04:05:23.299Z"}
{"level":"info","message":"⌛ Building environment","timeElapsed":473,"timestamp":"2024-11-04T04:05:44.521Z"}
{"level":"info","message":"⌛ Validating Monstruos.wlk","timeElapsed":207,"timestamp":"2024-11-04T04:05:44.825Z"}
{"level":"info","message":"⌛ Building environment","timeElapsed":324,"timestamp":"2024-11-04T04:05:45.153Z"}
{"level":"info","message":"⌛ Validating Monstruos.wlk","timeElapsed":299,"timestamp":"2024-11-04T04:05:45.482Z"}
{"level":"info","message":"⌛ Building environment","timeElapsed":164,"timestamp":"2024-11-04T04:05:50.916Z"}
{"level":"info","message":"⌛ Validating Monstruos.wlk","timeElapsed":182,"timestamp":"2024-11-04T04:05:51.111Z"}
{"level":"info","message":"⌛ Building environment","timeElapsed":715,"timestamp":"2024-11-04T04:05:51.939Z"}
{"level":"info","message":"⌛ Validating Monstruos.wlk","timeElapsed":189,"timestamp":"2024-11-04T04:05:52.152Z"}
{"level":"info","message":"⌛ Building environment","timeElapsed":210,"timestamp":"2024-11-04T04:06:36.061Z"}
{"level":"info","message":"⌛ Building environment","timeElapsed":115,"timestamp":"2024-11-04T04:06:36.177Z"}
{"level":"info","message":"⌛ Validating Monstruos.wlk","timeElapsed":203,"timestamp":"2024-11-04T04:06:36.388Z"}
{"level":"info","message":"⌛ Validating Monstruos.wlk","timeElapsed":190,"timestamp":"2024-11-04T04:06:36.581Z"}
{"level":"info","message":"⌛ Building environment","timeElapsed":175,"timestamp":"2024-11-04T04:06:36.764Z"}
{"level":"info","message":"⌛ Building environment","timeElapsed":120,"timestamp":"2024-11-04T04:06:36.927Z"}
{"level":"info","message":"⌛ Building environment","timeElapsed":154,"timestamp":"2024-11-04T04:06:37.088Z"}
{"level":"info","message":"⌛ Validating Monstruos.wlk","timeElapsed":216,"timestamp":"2024-11-04T04:06:37.353Z"}
{"level":"info","message":"⌛ Building environment","timeElapsed":215,"timestamp":"2024-11-04T04:06:37.571Z"}
{"level":"info","message":"onRequest - completionItem/resolve","timestamp":"2024-11-04T04:06:37.572Z"}
{"level":"info","message":"⌛ Validating Monstruos.wlk","timeElapsed":145,"timestamp":"2024-11-04T04:06:37.718Z"}
{"level":"info","message":"⌛ Building environment","timeElapsed":141,"timestamp":"2024-11-04T04:06:37.860Z"}
{"level":"info","message":"onRequest - completionItem/resolve","timestamp":"2024-11-04T04:06:37.867Z"}
{"level":"info","message":"⌛ Validating Monstruos.wlk","timeElapsed":200,"timestamp":"2024-11-04T04:06:38.068Z"}
{"level":"error","message":"✘ Failed to rebuild document Failed to parse Monstruos.wlk: \n-- PARSING FAILED --------------------------------------------------\n\n  14 | \n  15 |     method\n> 16 | }\n     | ^\n  17 | \n  18 | class HombreLobo inherits Monstruo {\n\nExpected one of the following: \n\n'!=', '!==', '%', '&&', '*', '**', '+', '-', '->', '..', '..<', '/', '<', '<<', '<<<', '<=', '<=>', '<>', '==', '===', '>', '>..', '>=', '>>', '>>>', '?:', 'and', 'invert', 'negate', 'or', 'plus', '||', identifier, whitespace\n","stack":"Error: Failed to parse Monstruos.wlk: \n-- PARSING FAILED --------------------------------------------------\n\n  14 | \n  15 |     method\n> 16 | }\n     | ^\n  17 | \n  18 | class HombreLobo inherits Monstruo {\n\nExpected one of the following: \n\n'!=', '!==', '%', '&&', '*', '**', '+', '-', '->', '..', '..<', '/', '<', '<<', '<<<', '<=', '<=>', '<>', '==', '===', '>', '>..', '>=', '>>', '>>>', '?:', 'and', 'invert', 'negate', 'or', 'plus', '||', identifier, whitespace\n\n    at c:\\Users\\user\\.vscode\\extensions\\uqbar.wollok-lsp-ide-0.3.6\\out\\server\\src\\server.js:2254:32415\n    at Array.map (<anonymous>)\n    at Jfn (c:\\Users\\user\\.vscode\\extensions\\uqbar.wollok-lsp-ide-0.3.6\\out\\server\\src\\server.js:2254:32339)\n    at k2.buildEnvironmentFrom (c:\\Users\\user\\.vscode\\extensions\\uqbar.wollok-lsp-ide-0.3.6\\out\\server\\src\\server.js:2285:6721)\n    at k2.updateEnvironmentWith (c:\\Users\\user\\.vscode\\extensions\\uqbar.wollok-lsp-ide-0.3.6\\out\\server\\src\\server.js:2285:6456)\n    at jL (c:\\Users\\user\\.vscode\\extensions\\uqbar.wollok-lsp-ide-0.3.6\\out\\server\\src\\server.js:2298:2292)\n    at v3.invoke (c:\\Users\\user\\.vscode\\extensions\\uqbar.wollok-lsp-ide-0.3.6\\out\\server\\src\\server.js:3:157200)\n    at o.fire (c:\\Users\\user\\.vscode\\extensions\\uqbar.wollok-lsp-ide-0.3.6\\out\\server\\src\\server.js:3:157970)\n    at c:\\Users\\user\\.vscode\\extensions\\uqbar.wollok-lsp-ide-0.3.6\\out\\server\\src\\server.js:37:57871\n    at Vr (c:\\Users\\user\\.vscode\\extensions\\uqbar.wollok-lsp-ide-0.3.6\\out\\server\\src\\server.js:8:1561)","timestamp":"2024-11-04T04:06:38.158Z"}
{"level":"info","message":"onRequest - completionItem/resolve","timestamp":"2024-11-04T04:06:38.158Z"}
{"level":"error","message":"✘ Failed to rebuild document Failed to parse Monstruos.wlk: \n-- PARSING FAILED --------------------------------------------------\n\n  14 | \n  15 |     method \n> 16 | }\n     | ^\n  17 | \n  18 | class HombreLobo inherits Monstruo {\n\nExpected one of the following: \n\n'!=', '!==', '%', '&&', '*', '**', '+', '-', '->', '..', '..<', '/', '<', '<<', '<<<', '<=', '<=>', '<>', '==', '===', '>', '>..', '>=', '>>', '>>>', '?:', 'and', 'invert', 'negate', 'or', 'plus', '||', identifier, whitespace\n","stack":"Error: Failed to parse Monstruos.wlk: \n-- PARSING FAILED --------------------------------------------------\n\n  14 | \n  15 |     method \n> 16 | }\n     | ^\n  17 | \n  18 | class HombreLobo inherits Monstruo {\n\nExpected one of the following: \n\n'!=', '!==', '%', '&&', '*', '**', '+', '-', '->', '..', '..<', '/', '<', '<<', '<<<', '<=', '<=>', '<>', '==', '===', '>', '>..', '>=', '>>', '>>>', '?:', 'and', 'invert', 'negate', 'or', 'plus', '||', identifier, whitespace\n\n    at c:\\Users\\user\\.vscode\\extensions\\uqbar.wollok-lsp-ide-0.3.6\\out\\server\\src\\server.js:2254:32415\n    at Array.map (<anonymous>)\n    at Jfn (c:\\Users\\user\\.vscode\\extensions\\uqbar.wollok-lsp-ide-0.3.6\\out\\server\\src\\server.js:2254:32339)\n    at k2.buildEnvironmentFrom (c:\\Users\\user\\.vscode\\extensions\\uqbar.wollok-lsp-ide-0.3.6\\out\\server\\src\\server.js:2285:6721)\n    at k2.updateEnvironmentWith (c:\\Users\\user\\.vscode\\extensions\\uqbar.wollok-lsp-ide-0.3.6\\out\\server\\src\\server.js:2285:6456)\n    at jL (c:\\Users\\user\\.vscode\\extensions\\uqbar.wollok-lsp-ide-0.3.6\\out\\server\\src\\server.js:2298:2292)\n    at v3.invoke (c:\\Users\\user\\.vscode\\extensions\\uqbar.wollok-lsp-ide-0.3.6\\out\\server\\src\\server.js:3:157200)\n    at o.fire (c:\\Users\\user\\.vscode\\extensions\\uqbar.wollok-lsp-ide-0.3.6\\out\\server\\src\\server.js:3:157970)\n    at c:\\Users\\user\\.vscode\\extensions\\uqbar.wollok-lsp-ide-0.3.6\\out\\server\\src\\server.js:37:57871\n    at Vr (c:\\Users\\user\\.vscode\\extensions\\uqbar.wollok-lsp-ide-0.3.6\\out\\server\\src\\server.js:8:1561)","timestamp":"2024-11-04T04:06:38.197Z"}
{"level":"info","message":"onRequest - completionItem/resolve","timestamp":"2024-11-04T04:06:38.199Z"}
{"level":"info","message":"⌛ Building environment","timeElapsed":182,"timestamp":"2024-11-04T04:06:38.382Z"}
{"level":"info","message":"onRequest - completionItem/resolve","timestamp":"2024-11-04T04:06:38.401Z"}
{"level":"info","message":"⌛ Building environment","timeElapsed":133,"timestamp":"2024-11-04T04:06:38.535Z"}
{"level":"info","message":"⌛ Validating Monstruos.wlk","timeElapsed":314,"timestamp":"2024-11-04T04:06:38.914Z"}
{"level":"info","message":"⌛ Validating Monstruos.wlk","timeElapsed":167,"timestamp":"2024-11-04T04:06:39.081Z"}
{"level":"info","message":"⌛ Building environment","timeElapsed":237,"timestamp":"2024-11-04T04:06:39.324Z"}
{"level":"info","message":"⌛ Building environment","timeElapsed":167,"timestamp":"2024-11-04T04:06:39.517Z"}
{"level":"info","message":"⌛ Building environment","timeElapsed":123,"timestamp":"2024-11-04T04:06:39.653Z"}
{"level":"info","message":"⌛ Building environment","timeElapsed":186,"timestamp":"2024-11-04T04:06:39.847Z"}
{"level":"info","message":"⌛ Validating Monstruos.wlk","timeElapsed":211,"timestamp":"2024-11-04T04:06:40.067Z"}
{"level":"info","message":"⌛ Validating Monstruos.wlk","timeElapsed":200,"timestamp":"2024-11-04T04:06:40.290Z"}
{"level":"info","message":"⌛ Building environment","timeElapsed":201,"timestamp":"2024-11-04T04:06:40.493Z"}
{"level":"info","message":"⌛ Building environment","timeElapsed":183,"timestamp":"2024-11-04T04:06:40.684Z"}
{"level":"info","message":"⌛ Building environment","timeElapsed":111,"timestamp":"2024-11-04T04:06:40.853Z"}
{"level":"info","message":"⌛ Building environment","timeElapsed":133,"timestamp":"2024-11-04T04:06:40.996Z"}
{"level":"info","message":"⌛ Validating Monstruos.wlk","timeElapsed":159,"timestamp":"2024-11-04T04:06:41.162Z"}
{"level":"info","message":"⌛ Building environment","timeElapsed":246,"timestamp":"2024-11-04T04:06:41.428Z"}
{"level":"info","message":"⌛ Building environment","timeElapsed":191,"timestamp":"2024-11-04T04:06:41.620Z"}
{"level":"info","message":"⌛ Validating Monstruos.wlk","timeElapsed":271,"timestamp":"2024-11-04T04:06:41.893Z"}
{"level":"info","message":"⌛ Validating Monstruos.wlk","timeElapsed":308,"timestamp":"2024-11-04T04:06:42.202Z"}
{"level":"info","message":"⌛ Building environment","timeElapsed":218,"timestamp":"2024-11-04T04:06:42.421Z"}
{"level":"info","message":"⌛ Building environment","timeElapsed":169,"timestamp":"2024-11-04T04:06:42.592Z"}
{"level":"info","message":"⌛ Validating Monstruos.wlk","timeElapsed":169,"timestamp":"2024-11-04T04:06:42.761Z"}
{"level":"info","message":"⌛ Building environment","timeElapsed":465,"timestamp":"2024-11-04T04:06:43.230Z"}
{"level":"info","message":"⌛ Building environment","timeElapsed":225,"timestamp":"2024-11-04T04:06:43.466Z"}
{"level":"info","message":"⌛ Building environment","timeElapsed":173,"timestamp":"2024-11-04T04:06:43.640Z"}
{"level":"info","message":"⌛ Validating Monstruos.wlk","timeElapsed":357,"timestamp":"2024-11-04T04:06:43.997Z"}
{"level":"info","message":"⌛ Building environment","timeElapsed":123,"timestamp":"2024-11-04T04:06:44.121Z"}
{"level":"info","message":"⌛ Building environment","timeElapsed":204,"timestamp":"2024-11-04T04:06:44.325Z"}
{"level":"info","message":"⌛ Validating Monstruos.wlk","timeElapsed":272,"timestamp":"2024-11-04T04:06:44.601Z"}
{"level":"info","message":"⌛ Building environment","timeElapsed":811,"timestamp":"2024-11-04T04:06:45.460Z"}
{"level":"info","message":"⌛ Validating Monstruos.wlk","timeElapsed":253,"timestamp":"2024-11-04T04:06:45.714Z"}
{"level":"info","message":"⌛ Validating Monstruos.wlk","timeElapsed":510,"timestamp":"2024-11-04T04:06:46.237Z"}
{"level":"info","message":"⌛ Building environment","timeElapsed":117,"timestamp":"2024-11-04T04:06:46.355Z"}
{"level":"info","message":"⌛ Validating Monstruos.wlk","timeElapsed":256,"timestamp":"2024-11-04T04:06:46.612Z"}
{"level":"info","message":"⌛ Validating Monstruos.wlk","timeElapsed":246,"timestamp":"2024-11-04T04:06:46.868Z"}
{"level":"info","message":"⌛ Validating Monstruos.wlk","timeElapsed":214,"timestamp":"2024-11-04T04:06:47.083Z"}
{"level":"info","message":"⌛ Validating Monstruos.wlk","timeElapsed":208,"timestamp":"2024-11-04T04:06:47.293Z"}
{"level":"info","message":"⌛ Validating Monstruos.wlk","timeElapsed":208,"timestamp":"2024-11-04T04:06:47.590Z"}
{"level":"info","message":"⌛ Validating Monstruos.wlk","timeElapsed":197,"timestamp":"2024-11-04T04:06:47.789Z"}
{"level":"info","message":"⌛ Validating Monstruos.wlk","timeElapsed":186,"timestamp":"2024-11-04T04:06:47.978Z"}
{"level":"info","message":"⌛ Validating Monstruos.wlk","timeElapsed":197,"timestamp":"2024-11-04T04:06:48.175Z"}
{"level":"info","message":"⌛ Validating Monstruos.wlk","timeElapsed":185,"timestamp":"2024-11-04T04:06:48.417Z"}
{"level":"info","message":"⌛ Building environment","timeElapsed":205,"timestamp":"2024-11-04T04:06:48.644Z"}
{"level":"info","message":"⌛ Building environment","timeElapsed":143,"timestamp":"2024-11-04T04:06:48.826Z"}
{"level":"info","message":"⌛ Validating Monstruos.wlk","timeElapsed":360,"timestamp":"2024-11-04T04:06:49.231Z"}
{"level":"info","message":"⌛ Building environment","timeElapsed":195,"timestamp":"2024-11-04T04:06:49.467Z"}
{"level":"info","message":"⌛ Building environment","timeElapsed":182,"timestamp":"2024-11-04T04:06:49.684Z"}
{"level":"info","message":"⌛ Validating Monstruos.wlk","timeElapsed":216,"timestamp":"2024-11-04T04:06:49.911Z"}
{"level":"info","message":"⌛ Validating Monstruos.wlk","timeElapsed":275,"timestamp":"2024-11-04T04:06:50.220Z"}
{"level":"info","message":"⌛ Validating Monstruos.wlk","timeElapsed":449,"timestamp":"2024-11-04T04:06:50.683Z"}
{"level":"info","message":"⌛ Validating Monstruos.wlk","timeElapsed":530,"timestamp":"2024-11-04T04:06:51.213Z"}
{"level":"info","message":"⌛ Validating Monstruos.wlk","timeElapsed":408,"timestamp":"2024-11-04T04:06:51.622Z"}
{"level":"info","message":"⌛ Building environment","timeElapsed":156,"timestamp":"2024-11-04T04:06:51.823Z"}
{"level":"info","message":"⌛ Building environment","timeElapsed":127,"timestamp":"2024-11-04T04:06:52.123Z"}
{"level":"info","message":"⌛ Validating Monstruos.wlk","timeElapsed":208,"timestamp":"2024-11-04T04:06:52.399Z"}
{"level":"info","message":"⌛ Validating Monstruos.wlk","timeElapsed":308,"timestamp":"2024-11-04T04:06:52.709Z"}
{"level":"info","message":"⌛ Building environment","timeElapsed":300,"timestamp":"2024-11-04T04:06:53.363Z"}
{"level":"info","message":"⌛ Validating Monstruos.wlk","timeElapsed":166,"timestamp":"2024-11-04T04:06:53.531Z"}
{"level":"info","message":"⌛ Building environment","timeElapsed":130,"timestamp":"2024-11-04T04:06:53.755Z"}
{"level":"info","message":"⌛ Validating Monstruos.wlk","timeElapsed":212,"timestamp":"2024-11-04T04:06:53.972Z"}
{"level":"info","message":"⌛ Building environment","timeElapsed":126,"timestamp":"2024-11-04T04:06:54.099Z"}
{"level":"info","message":"⌛ Validating Monstruos.wlk","timeElapsed":143,"timestamp":"2024-11-04T04:06:54.248Z"}
{"level":"info","message":"⌛ Building environment","timeElapsed":153,"timestamp":"2024-11-04T04:06:55.318Z"}
{"level":"info","message":"⌛ Building environment","timeElapsed":140,"timestamp":"2024-11-04T04:06:55.512Z"}
{"level":"info","message":"⌛ Validating Monstruos.wlk","timeElapsed":258,"timestamp":"2024-11-04T04:06:55.772Z"}
{"level":"info","message":"⌛ Validating Monstruos.wlk","timeElapsed":314,"timestamp":"2024-11-04T04:06:56.088Z"}
{"level":"info","message":"⌛ Building environment","timeElapsed":168,"timestamp":"2024-11-04T04:06:56.273Z"}
{"level":"info","message":"⌛ Building environment","timeElapsed":126,"timestamp":"2024-11-04T04:06:56.410Z"}
{"level":"info","message":"⌛ Building environment","timeElapsed":131,"timestamp":"2024-11-04T04:06:56.549Z"}
{"level":"info","message":"⌛ Validating Monstruos.wlk","timeElapsed":364,"timestamp":"2024-11-04T04:06:56.964Z"}
{"level":"info","message":"⌛ Validating Monstruos.wlk","timeElapsed":210,"timestamp":"2024-11-04T04:06:57.174Z"}
{"level":"info","message":"⌛ Validating Monstruos.wlk","timeElapsed":222,"timestamp":"2024-11-04T04:06:57.397Z"}
{"level":"info","message":"⌛ Building environment","timeElapsed":213,"timestamp":"2024-11-04T04:06:57.611Z"}
{"level":"info","message":"⌛ Building environment","timeElapsed":176,"timestamp":"2024-11-04T04:06:57.788Z"}
{"level":"info","message":"⌛ Building environment","timeElapsed":242,"timestamp":"2024-11-04T04:06:58.050Z"}
{"level":"info","message":"⌛ Building environment","timeElapsed":185,"timestamp":"2024-11-04T04:06:58.272Z"}
{"level":"info","message":"⌛ Building environment","timeElapsed":160,"timestamp":"2024-11-04T04:06:58.449Z"}
{"level":"info","message":"⌛ Building environment","timeElapsed":231,"timestamp":"2024-11-04T04:06:58.691Z"}
{"level":"info","message":"⌛ Building environment","timeElapsed":135,"timestamp":"2024-11-04T04:06:58.832Z"}
{"level":"info","message":"⌛ Building environment","timeElapsed":318,"timestamp":"2024-11-04T04:06:59.162Z"}
{"level":"info","message":"⌛ Validating Monstruos.wlk","timeElapsed":211,"timestamp":"2024-11-04T04:06:59.373Z"}
{"level":"info","message":"⌛ Building environment","timeElapsed":158,"timestamp":"2024-11-04T04:06:59.532Z"}
{"level":"info","message":"⌛ Building environment","timeElapsed":133,"timestamp":"2024-11-04T04:06:59.666Z"}
{"level":"info","message":"⌛ Validating Monstruos.wlk","timeElapsed":200,"timestamp":"2024-11-04T04:06:59.868Z"}
{"level":"info","message":"⌛ Building environment","timeElapsed":120,"timestamp":"2024-11-04T04:06:59.989Z"}
{"level":"info","message":"⌛ Validating Monstruos.wlk","timeElapsed":224,"timestamp":"2024-11-04T04:07:00.222Z"}
{"level":"info","message":"⌛ Building environment","timeElapsed":404,"timestamp":"2024-11-04T04:07:00.632Z"}
{"level":"info","message":"⌛ Building environment","timeElapsed":127,"timestamp":"2024-11-04T04:07:00.808Z"}
{"level":"info","message":"⌛ Validating Monstruos.wlk","timeElapsed":194,"timestamp":"2024-11-04T04:07:01.013Z"}
{"level":"info","message":"⌛ Building environment","timeElapsed":122,"timestamp":"2024-11-04T04:07:01.137Z"}
{"level":"info","message":"⌛ Validating Monstruos.wlk","timeElapsed":216,"timestamp":"2024-11-04T04:07:01.354Z"}
{"level":"info","message":"⌛ Validating Monstruos.wlk","timeElapsed":215,"timestamp":"2024-11-04T04:07:01.570Z"}
{"level":"info","message":"⌛ Building environment","timeElapsed":127,"timestamp":"2024-11-04T04:07:01.698Z"}
{"level":"info","message":"⌛ Validating Monstruos.wlk","timeElapsed":366,"timestamp":"2024-11-04T04:07:02.081Z"}
{"level":"info","message":"⌛ Building environment","timeElapsed":243,"timestamp":"2024-11-04T04:07:02.326Z"}
{"level":"info","message":"⌛ Building environment","timeElapsed":232,"timestamp":"2024-11-04T04:07:02.560Z"}
{"level":"info","message":"⌛ Building environment","timeElapsed":143,"timestamp":"2024-11-04T04:07:02.704Z"}
{"level":"info","message":"⌛ Validating Monstruos.wlk","timeElapsed":157,"timestamp":"2024-11-04T04:07:02.862Z"}
{"level":"info","message":"⌛ Validating Monstruos.wlk","timeElapsed":453,"timestamp":"2024-11-04T04:07:03.328Z"}
{"level":"info","message":"⌛ Validating Monstruos.wlk","timeElapsed":317,"timestamp":"2024-11-04T04:07:03.647Z"}
{"level":"info","message":"⌛ Validating Monstruos.wlk","timeElapsed":394,"timestamp":"2024-11-04T04:07:04.105Z"}
{"level":"info","message":"⌛ Building environment","timeElapsed":301,"timestamp":"2024-11-04T04:07:04.407Z"}
{"level":"info","message":"⌛ Validating Monstruos.wlk","timeElapsed":286,"timestamp":"2024-11-04T04:07:04.695Z"}
{"level":"info","message":"⌛ Validating Monstruos.wlk","timeElapsed":298,"timestamp":"2024-11-04T04:07:05.003Z"}
{"level":"info","message":"⌛ Validating Monstruos.wlk","timeElapsed":163,"timestamp":"2024-11-04T04:07:05.166Z"}
{"level":"info","message":"⌛ Validating Monstruos.wlk","timeElapsed":443,"timestamp":"2024-11-04T04:07:05.611Z"}
{"level":"info","message":"⌛ Validating Monstruos.wlk","timeElapsed":276,"timestamp":"2024-11-04T04:07:05.894Z"}
{"level":"info","message":"⌛ Validating Monstruos.wlk","timeElapsed":490,"timestamp":"2024-11-04T04:07:06.388Z"}
{"level":"info","message":"⌛ Validating Monstruos.wlk","timeElapsed":194,"timestamp":"2024-11-04T04:07:06.584Z"}
{"level":"info","message":"⌛ Validating Monstruos.wlk","timeElapsed":169,"timestamp":"2024-11-04T04:07:06.753Z"}
{"level":"info","message":"⌛ Building environment","timeElapsed":177,"timestamp":"2024-11-04T04:07:06.930Z"}
{"level":"info","message":"⌛ Validating Monstruos.wlk","timeElapsed":194,"timestamp":"2024-11-04T04:07:07.144Z"}
{"level":"info","message":"⌛ Building environment","timeElapsed":211,"timestamp":"2024-11-04T04:07:07.361Z"}
{"level":"info","message":"⌛ Validating Monstruos.wlk","timeElapsed":179,"timestamp":"2024-11-04T04:07:07.544Z"}
