{"level":"info","message":"⌛ Building environment","timeElapsed":597,"timestamp":"2024-10-23T22:17:45.568Z"}
{"level":"info","message":"onRequest - WORKSPACE_URI:file:///c%3A/Users/user/Desktop/Simbiosis/UTN/Segundo%20A%C3%B1o/Paradigmas%20de%20Programaci%C3%B3n/Objetos/Parciales/Among%20Us","timestamp":"2024-10-23T22:17:45.575Z"}
{"level":"info","message":"⌛ Building environment","timeElapsed":554,"timestamp":"2024-10-23T22:17:46.132Z"}
{"level":"info","message":"⌛ Validating example.wlk","timeElapsed":489,"timestamp":"2024-10-23T22:17:48.685Z"}
{"level":"info","message":"⌛ Building environment","timeElapsed":347,"timestamp":"2024-10-23T22:17:49.033Z"}
{"level":"info","message":"⌛ Validating example.wlk","timeElapsed":447,"timestamp":"2024-10-23T22:17:51.219Z"}
{"level":"info","message":"⌛ Building environment","timeElapsed":654,"timestamp":"2024-10-23T22:21:44.085Z"}
{"level":"info","message":"onRequest - STRONG_FILES_CHANGED:c:\\Users\\user\\Desktop\\Simbiosis\\UTN\\Segundo Año\\Paradigmas de Programación\\Objetos\\Parciales\\Among Us\\example.wlk","timestamp":"2024-10-23T22:21:44.091Z"}
{"level":"info","message":"⌛ Building environment","timeElapsed":438,"timestamp":"2024-10-23T22:21:44.541Z"}
{"level":"info","message":"⌛ Building environment","timeElapsed":456,"timestamp":"2024-10-23T22:21:44.999Z"}
{"level":"info","message":"⌛ Validating Jugadores.wlk","timeElapsed":226,"timestamp":"2024-10-23T22:21:45.238Z"}
{"level":"info","message":"Removing diagnostics from \\Users\\user\\Desktop\\Simbiosis\\UTN\\Segundo Año\\Paradigmas de Programación\\Objetos\\Parciales\\Among Us\\example.wlk","timestamp":"2024-10-23T22:21:45.238Z"}
{"level":"info","message":"onRequest - WORKSPACE_URI:file:///c%3A/Users/user/Desktop/Simbiosis/UTN/Segundo%20A%C3%B1o/Paradigmas%20de%20Programaci%C3%B3n/Objetos/Parciales/Among%20Us","timestamp":"2024-10-23T22:21:45.242Z"}
{"level":"info","message":"⌛ Building environment","timeElapsed":191,"timestamp":"2024-10-23T22:21:55.847Z"}
{"level":"info","message":"⌛ Validating Tareas.wlk","timeElapsed":150,"timestamp":"2024-10-23T22:21:56.016Z"}
{"level":"info","message":"⌛ Building environment","timeElapsed":623,"timestamp":"2024-10-23T22:22:06.494Z"}
{"level":"info","message":"⌛ Validating Jugadores.wlk","timeElapsed":268,"timestamp":"2024-10-23T22:22:06.913Z"}
{"level":"info","message":"⌛ Building environment","timeElapsed":142,"timestamp":"2024-10-23T22:22:08.295Z"}
{"level":"info","message":"⌛ Validating Tareas.wlk","timeElapsed":157,"timestamp":"2024-10-23T22:22:08.463Z"}
{"level":"info","message":"⌛ Building environment","timeElapsed":166,"timestamp":"2024-10-23T22:22:08.631Z"}
{"level":"info","message":"⌛ Validating Tareas.wlk","timeElapsed":280,"timestamp":"2024-10-23T22:22:08.914Z"}
{"level":"info","message":"⌛ Building environment","timeElapsed":173,"timestamp":"2024-10-23T22:22:17.567Z"}
{"level":"info","message":"⌛ Validating Nave.wlk","timeElapsed":135,"timestamp":"2024-10-23T22:22:17.722Z"}
{"level":"info","message":"⌛ Building environment","timeElapsed":508,"timestamp":"2024-10-23T22:22:40.270Z"}
{"level":"info","message":"⌛ Validating Jugadores.wlk","timeElapsed":200,"timestamp":"2024-10-23T22:22:40.491Z"}
{"level":"info","message":"⌛ Building environment","timeElapsed":395,"timestamp":"2024-10-23T22:22:41.620Z"}
{"level":"info","message":"⌛ Validating Nave.wlk","timeElapsed":367,"timestamp":"2024-10-23T22:22:42.112Z"}
{"level":"info","message":"⌛ Building environment","timeElapsed":180,"timestamp":"2024-10-23T22:22:42.293Z"}
{"level":"info","message":"⌛ Validating Nave.wlk","timeElapsed":224,"timestamp":"2024-10-23T22:22:42.531Z"}
{"level":"info","message":"⌛ Building environment","timeElapsed":189,"timestamp":"2024-10-23T22:22:52.998Z"}
{"level":"info","message":"⌛ Validating Sabotajes%2C.wlk","timeElapsed":192,"timestamp":"2024-10-23T22:22:53.200Z"}
{"level":"info","message":"⌛ Building environment","timeElapsed":330,"timestamp":"2024-10-23T22:22:57.127Z"}
{"level":"info","message":"onRequest - STRONG_FILES_CHANGED:c:\\Users\\user\\Desktop\\Simbiosis\\UTN\\Segundo Año\\Paradigmas de Programación\\Objetos\\Parciales\\Among Us\\Sabotajes,.wlk","timestamp":"2024-10-23T22:22:57.128Z"}
{"level":"info","message":"⌛ Building environment","timeElapsed":166,"timestamp":"2024-10-23T22:22:57.295Z"}
{"level":"info","message":"⌛ Building environment","timeElapsed":210,"timestamp":"2024-10-23T22:22:57.506Z"}
{"level":"info","message":"⌛ Validating Sabotajes.wlk","timeElapsed":330,"timestamp":"2024-10-23T22:22:57.850Z"}
{"level":"info","message":"Removing diagnostics from \\Users\\user\\Desktop\\Simbiosis\\UTN\\Segundo Año\\Paradigmas de Programación\\Objetos\\Parciales\\Among Us\\Sabotajes","timestamp":"2024-10-23T22:22:57.850Z"}
{"level":"info","message":"Removing diagnostics from .wlk","timestamp":"2024-10-23T22:22:57.850Z"}
{"level":"info","message":"onRequest - WORKSPACE_URI:file:///c%3A/Users/user/Desktop/Simbiosis/UTN/Segundo%20A%C3%B1o/Paradigmas%20de%20Programaci%C3%B3n/Objetos/Parciales/Among%20Us","timestamp":"2024-10-23T22:22:57.851Z"}
{"level":"info","message":"⌛ Building environment","timeElapsed":409,"timestamp":"2024-10-23T22:23:02.148Z"}
{"level":"info","message":"⌛ Validating Jugadores.wlk","timeElapsed":326,"timestamp":"2024-10-23T22:23:02.505Z"}
{"level":"info","message":"⌛ Building environment","timeElapsed":158,"timestamp":"2024-10-23T22:23:03.675Z"}
{"level":"info","message":"⌛ Validating Sabotajes.wlk","timeElapsed":142,"timestamp":"2024-10-23T22:23:03.823Z"}
{"level":"info","message":"⌛ Validating Sabotajes.wlk","timeElapsed":126,"timestamp":"2024-10-23T22:23:04.057Z"}
{"level":"info","message":"⌛ Building environment","timeElapsed":405,"timestamp":"2024-10-23T22:23:11.400Z"}
{"level":"info","message":"⌛ Validating Jugadores.wlk","timeElapsed":220,"timestamp":"2024-10-23T22:23:11.630Z"}
{"level":"info","message":"⌛ Building environment","timeElapsed":165,"timestamp":"2024-10-23T22:23:15.249Z"}
{"level":"info","message":"⌛ Validating Personalidades.wlk","timeElapsed":186,"timestamp":"2024-10-23T22:23:15.492Z"}
{"level":"info","message":"⌛ Building environment","timeElapsed":159,"timestamp":"2024-10-23T22:23:15.837Z"}
{"level":"info","message":"⌛ Validating Personalidades.wlk","timeElapsed":142,"timestamp":"2024-10-23T22:23:15.999Z"}
{"level":"info","message":"⌛ Building environment","timeElapsed":549,"timestamp":"2024-10-23T22:23:16.550Z"}
{"level":"info","message":"⌛ Validating Personalidades.wlk","timeElapsed":647,"timestamp":"2024-10-23T22:23:17.215Z"}
{"level":"info","message":"⌛ Building environment","timeElapsed":144,"timestamp":"2024-10-23T22:23:26.785Z"}
{"level":"info","message":"⌛ Validating Jugadores.wlk","timeElapsed":141,"timestamp":"2024-10-23T22:23:26.927Z"}
{"level":"info","message":"⌛ Building environment","timeElapsed":119,"timestamp":"2024-10-23T22:23:27.047Z"}
{"level":"info","message":"⌛ Building environment","timeElapsed":199,"timestamp":"2024-10-23T22:23:27.258Z"}
{"level":"info","message":"⌛ Validating Jugadores.wlk","timeElapsed":301,"timestamp":"2024-10-23T22:23:27.560Z"}
{"level":"info","message":"⌛ Building environment","timeElapsed":222,"timestamp":"2024-10-23T22:23:27.787Z"}
{"level":"info","message":"⌛ Validating Jugadores.wlk","timeElapsed":153,"timestamp":"2024-10-23T22:23:27.941Z"}
{"level":"info","message":"⌛ Building environment","timeElapsed":148,"timestamp":"2024-10-23T22:23:28.090Z"}
{"level":"info","message":"⌛ Building environment","timeElapsed":104,"timestamp":"2024-10-23T22:23:28.198Z"}
{"level":"info","message":"⌛ Validating Jugadores.wlk","timeElapsed":176,"timestamp":"2024-10-23T22:23:28.474Z"}
{"level":"info","message":"⌛ Building environment","timeElapsed":125,"timestamp":"2024-10-23T22:23:28.701Z"}
{"level":"info","message":"⌛ Validating Jugadores.wlk","timeElapsed":297,"timestamp":"2024-10-23T22:23:29.000Z"}
{"level":"info","message":"⌛ Validating Jugadores.wlk","timeElapsed":156,"timestamp":"2024-10-23T22:23:29.157Z"}
{"level":"info","message":"⌛ Validating Jugadores.wlk","timeElapsed":149,"timestamp":"2024-10-23T22:23:29.316Z"}
{"level":"info","message":"⌛ Validating Jugadores.wlk","timeElapsed":199,"timestamp":"2024-10-23T22:23:29.518Z"}
{"level":"info","message":"⌛ Validating Jugadores.wlk","timeElapsed":136,"timestamp":"2024-10-23T22:23:29.655Z"}
{"level":"info","message":"⌛ Building environment","timeElapsed":121,"timestamp":"2024-10-23T22:23:29.867Z"}
{"level":"info","message":"⌛ Validating Jugadores.wlk","timeElapsed":149,"timestamp":"2024-10-23T22:23:30.018Z"}
{"level":"info","message":"⌛ Building environment","timeElapsed":125,"timestamp":"2024-10-23T22:23:30.237Z"}
{"level":"info","message":"⌛ Validating Jugadores.wlk","timeElapsed":447,"timestamp":"2024-10-23T22:23:30.710Z"}
{"level":"info","message":"⌛ Building environment","timeElapsed":138,"timestamp":"2024-10-23T22:23:33.363Z"}
{"level":"info","message":"⌛ Building environment","timeElapsed":104,"timestamp":"2024-10-23T22:23:33.481Z"}
{"level":"info","message":"⌛ Validating Nave.wlk","timeElapsed":151,"timestamp":"2024-10-23T22:23:33.638Z"}
{"level":"info","message":"⌛ Validating Nave.wlk","timeElapsed":125,"timestamp":"2024-10-23T22:23:33.765Z"}
{"level":"info","message":"⌛ Validating Nave.wlk","timeElapsed":199,"timestamp":"2024-10-23T22:23:34.080Z"}
{"level":"info","message":"⌛ Building environment","timeElapsed":206,"timestamp":"2024-10-23T22:23:34.287Z"}
{"level":"info","message":"⌛ Validating Nave.wlk","timeElapsed":138,"timestamp":"2024-10-23T22:23:34.442Z"}
{"level":"info","message":"⌛ Building environment","timeElapsed":175,"timestamp":"2024-10-23T22:23:40.484Z"}
{"level":"info","message":"⌛ Validating Jugadores.wlk","timeElapsed":148,"timestamp":"2024-10-23T22:23:40.633Z"}
{"level":"info","message":"⌛ Building environment","timeElapsed":401,"timestamp":"2024-10-23T22:23:42.498Z"}
{"level":"info","message":"⌛ Validating Jugadores.wlk","timeElapsed":490,"timestamp":"2024-10-23T22:23:43.003Z"}
{"level":"info","message":"⌛ Validating Tareas.wlk","timeElapsed":437,"timestamp":"2024-10-23T22:23:43.445Z"}
{"level":"info","message":"⌛ Validating Nave.wlk","timeElapsed":117,"timestamp":"2024-10-23T22:23:43.563Z"}
{"level":"info","message":"⌛ Validating Personalidades.wlk","timeElapsed":102,"timestamp":"2024-10-23T22:23:43.759Z"}
{"level":"info","message":"⌛ Building environment","timeElapsed":147,"timestamp":"2024-10-23T22:23:50.352Z"}
{"level":"info","message":"⌛ Validating Jugadores.wlk","timeElapsed":147,"timestamp":"2024-10-23T22:23:50.500Z"}
{"level":"info","message":"⌛ Building environment","timeElapsed":109,"timestamp":"2024-10-23T22:23:50.610Z"}
{"level":"info","message":"⌛ Validating Jugadores.wlk","timeElapsed":165,"timestamp":"2024-10-23T22:23:50.804Z"}
{"level":"info","message":"⌛ Building environment","timeElapsed":113,"timestamp":"2024-10-23T22:23:50.919Z"}
{"level":"info","message":"onRequest - completionItem/resolve","timestamp":"2024-10-23T22:23:50.920Z"}
{"level":"info","message":"⌛ Validating Jugadores.wlk","timeElapsed":132,"timestamp":"2024-10-23T22:23:51.076Z"}
{"level":"info","message":"⌛ Building environment","timeElapsed":121,"timestamp":"2024-10-23T22:23:51.274Z"}
{"level":"info","message":"⌛ Validating Jugadores.wlk","timeElapsed":171,"timestamp":"2024-10-23T22:23:51.447Z"}
{"level":"info","message":"⌛ Building environment","timeElapsed":128,"timestamp":"2024-10-23T22:23:51.576Z"}
{"level":"info","message":"⌛ Validating Jugadores.wlk","timeElapsed":146,"timestamp":"2024-10-23T22:23:51.723Z"}
{"level":"info","message":"⌛ Building environment","timeElapsed":111,"timestamp":"2024-10-23T22:23:52.272Z"}
{"level":"info","message":"⌛ Validating Jugadores.wlk","timeElapsed":172,"timestamp":"2024-10-23T22:23:52.468Z"}
{"level":"info","message":"onRequest - completionItem/resolve","timestamp":"2024-10-23T22:23:52.469Z"}
{"level":"info","message":"⌛ Building environment","timeElapsed":108,"timestamp":"2024-10-23T22:23:52.578Z"}
{"level":"info","message":"onRequest - completionItem/resolve","timestamp":"2024-10-23T22:23:52.579Z"}
{"level":"info","message":"⌛ Validating Jugadores.wlk","timeElapsed":147,"timestamp":"2024-10-23T22:23:52.727Z"}
{"level":"info","message":"⌛ Building environment","timeElapsed":164,"timestamp":"2024-10-23T22:23:52.892Z"}
{"level":"info","message":"onRequest - completionItem/resolve","timestamp":"2024-10-23T22:23:52.895Z"}
{"level":"info","message":"⌛ Building environment","timeElapsed":139,"timestamp":"2024-10-23T22:23:53.034Z"}
{"level":"info","message":"onRequest - completionItem/resolve","timestamp":"2024-10-23T22:23:53.035Z"}
{"level":"info","message":"⌛ Building environment","timeElapsed":107,"timestamp":"2024-10-23T22:23:53.143Z"}
{"level":"info","message":"onRequest - completionItem/resolve","timestamp":"2024-10-23T22:23:53.144Z"}
{"level":"error","message":"✘ Failed to rebuild document Failed to parse Jugadores.wlk: \n-- PARSING FAILED --------------------------------------------------\n\n  42 | \n  43 |   method estaVivo() = estaVivo\n> 44 | }\n     | ^\n  45 | \n  46 | class Tripulante inherits Jugador {\n\nExpected one of the following: \n\n'@', 'class', 'const', 'describe', 'mixin', 'object', 'only', 'package', 'program', 'test', 'var', '{', EOF, comment, not \"}\r\n\r\n\", whitespace\n","stack":"Error: Failed to parse Jugadores.wlk: \n-- PARSING FAILED --------------------------------------------------\n\n  42 | \n  43 |   method estaVivo() = estaVivo\n> 44 | }\n     | ^\n  45 | \n  46 | class Tripulante inherits Jugador {\n\nExpected one of the following: \n\n'@', 'class', 'const', 'describe', 'mixin', 'object', 'only', 'package', 'program', 'test', 'var', '{', EOF, comment, not \"}\r\n\r\n\", whitespace\n\n    at c:\\Users\\user\\.vscode\\extensions\\uqbar.wollok-lsp-ide-0.3.6\\out\\server\\src\\server.js:2254:32415\n    at Array.map (<anonymous>)\n    at Jfn (c:\\Users\\user\\.vscode\\extensions\\uqbar.wollok-lsp-ide-0.3.6\\out\\server\\src\\server.js:2254:32339)\n    at k2.buildEnvironmentFrom (c:\\Users\\user\\.vscode\\extensions\\uqbar.wollok-lsp-ide-0.3.6\\out\\server\\src\\server.js:2285:6721)\n    at k2.updateEnvironmentWith (c:\\Users\\user\\.vscode\\extensions\\uqbar.wollok-lsp-ide-0.3.6\\out\\server\\src\\server.js:2285:6456)\n    at jL (c:\\Users\\user\\.vscode\\extensions\\uqbar.wollok-lsp-ide-0.3.6\\out\\server\\src\\server.js:2298:2292)\n    at v3.invoke (c:\\Users\\user\\.vscode\\extensions\\uqbar.wollok-lsp-ide-0.3.6\\out\\server\\src\\server.js:3:157200)\n    at o.fire (c:\\Users\\user\\.vscode\\extensions\\uqbar.wollok-lsp-ide-0.3.6\\out\\server\\src\\server.js:3:157970)\n    at c:\\Users\\user\\.vscode\\extensions\\uqbar.wollok-lsp-ide-0.3.6\\out\\server\\src\\server.js:37:57871\n    at Vr (c:\\Users\\user\\.vscode\\extensions\\uqbar.wollok-lsp-ide-0.3.6\\out\\server\\src\\server.js:8:1561)","timestamp":"2024-10-23T22:23:53.170Z"}
{"level":"info","message":"onRequest - completionItem/resolve","timestamp":"2024-10-23T22:23:53.174Z"}
{"level":"info","message":"⌛ Validating Jugadores.wlk","timeElapsed":165,"timestamp":"2024-10-23T22:23:53.339Z"}
{"level":"error","message":"✘ Failed to rebuild document Failed to parse Jugadores.wlk: \n-- PARSING FAILED --------------------------------------------------\n\n  42 | \n  43 |   method estaVivo() = estaVivo\n> 44 | }\n     | ^\n  45 | \n  46 | class Tripulante inherits Jugador {\n\nExpected one of the following: \n\n'@', 'class', 'const', 'describe', 'mixin', 'object', 'only', 'package', 'program', 'test', 'var', '{', EOF, comment, not \"}\r\n\r\n\", whitespace\n","stack":"Error: Failed to parse Jugadores.wlk: \n-- PARSING FAILED --------------------------------------------------\n\n  42 | \n  43 |   method estaVivo() = estaVivo\n> 44 | }\n     | ^\n  45 | \n  46 | class Tripulante inherits Jugador {\n\nExpected one of the following: \n\n'@', 'class', 'const', 'describe', 'mixin', 'object', 'only', 'package', 'program', 'test', 'var', '{', EOF, comment, not \"}\r\n\r\n\", whitespace\n\n    at c:\\Users\\user\\.vscode\\extensions\\uqbar.wollok-lsp-ide-0.3.6\\out\\server\\src\\server.js:2254:32415\n    at Array.map (<anonymous>)\n    at Jfn (c:\\Users\\user\\.vscode\\extensions\\uqbar.wollok-lsp-ide-0.3.6\\out\\server\\src\\server.js:2254:32339)\n    at k2.buildEnvironmentFrom (c:\\Users\\user\\.vscode\\extensions\\uqbar.wollok-lsp-ide-0.3.6\\out\\server\\src\\server.js:2285:6721)\n    at k2.updateEnvironmentWith (c:\\Users\\user\\.vscode\\extensions\\uqbar.wollok-lsp-ide-0.3.6\\out\\server\\src\\server.js:2285:6456)\n    at jL (c:\\Users\\user\\.vscode\\extensions\\uqbar.wollok-lsp-ide-0.3.6\\out\\server\\src\\server.js:2298:2292)\n    at v3.invoke (c:\\Users\\user\\.vscode\\extensions\\uqbar.wollok-lsp-ide-0.3.6\\out\\server\\src\\server.js:3:157200)\n    at o.fire (c:\\Users\\user\\.vscode\\extensions\\uqbar.wollok-lsp-ide-0.3.6\\out\\server\\src\\server.js:3:157970)\n    at c:\\Users\\user\\.vscode\\extensions\\uqbar.wollok-lsp-ide-0.3.6\\out\\server\\src\\server.js:37:57871\n    at Vr (c:\\Users\\user\\.vscode\\extensions\\uqbar.wollok-lsp-ide-0.3.6\\out\\server\\src\\server.js:8:1561)","timestamp":"2024-10-23T22:23:53.355Z"}
{"level":"info","message":"⌛ Validating Jugadores.wlk","timeElapsed":169,"timestamp":"2024-10-23T22:23:53.524Z"}
{"level":"info","message":"⌛ Validating Jugadores.wlk","timeElapsed":157,"timestamp":"2024-10-23T22:23:53.681Z"}
{"level":"info","message":"⌛ Building environment","timeElapsed":121,"timestamp":"2024-10-23T22:23:53.809Z"}
{"level":"info","message":"⌛ Building environment","timeElapsed":113,"timestamp":"2024-10-23T22:23:53.951Z"}
{"level":"info","message":"⌛ Building environment","timeElapsed":125,"timestamp":"2024-10-23T22:23:54.077Z"}
{"level":"info","message":"⌛ Building environment","timeElapsed":181,"timestamp":"2024-10-23T22:23:54.268Z"}
{"level":"info","message":"⌛ Validating Jugadores.wlk","timeElapsed":140,"timestamp":"2024-10-23T22:23:54.411Z"}
{"level":"info","message":"onRequest - completionItem/resolve","timestamp":"2024-10-23T22:23:54.411Z"}
{"level":"info","message":"⌛ Validating Jugadores.wlk","timeElapsed":126,"timestamp":"2024-10-23T22:23:54.545Z"}
{"level":"error","message":"✘ Failed to rebuild document Failed to parse Jugadores.wlk: \n-- PARSING FAILED --------------------------------------------------\n\n  42 | \n  43 |   method estaVivo() = estaVivo\n> 44 | }\n     | ^\n  45 | \n  46 | class Tripulante inherits Jugador {\n\nExpected one of the following: \n\n'@', 'class', 'const', 'describe', 'mixin', 'object', 'only', 'package', 'program', 'test', 'var', '{', EOF, comment, not \"}\r\n\r\n\", whitespace\n","stack":"Error: Failed to parse Jugadores.wlk: \n-- PARSING FAILED --------------------------------------------------\n\n  42 | \n  43 |   method estaVivo() = estaVivo\n> 44 | }\n     | ^\n  45 | \n  46 | class Tripulante inherits Jugador {\n\nExpected one of the following: \n\n'@', 'class', 'const', 'describe', 'mixin', 'object', 'only', 'package', 'program', 'test', 'var', '{', EOF, comment, not \"}\r\n\r\n\", whitespace\n\n    at c:\\Users\\user\\.vscode\\extensions\\uqbar.wollok-lsp-ide-0.3.6\\out\\server\\src\\server.js:2254:32415\n    at Array.map (<anonymous>)\n    at Jfn (c:\\Users\\user\\.vscode\\extensions\\uqbar.wollok-lsp-ide-0.3.6\\out\\server\\src\\server.js:2254:32339)\n    at k2.buildEnvironmentFrom (c:\\Users\\user\\.vscode\\extensions\\uqbar.wollok-lsp-ide-0.3.6\\out\\server\\src\\server.js:2285:6721)\n    at k2.updateEnvironmentWith (c:\\Users\\user\\.vscode\\extensions\\uqbar.wollok-lsp-ide-0.3.6\\out\\server\\src\\server.js:2285:6456)\n    at jL (c:\\Users\\user\\.vscode\\extensions\\uqbar.wollok-lsp-ide-0.3.6\\out\\server\\src\\server.js:2298:2292)\n    at v3.invoke (c:\\Users\\user\\.vscode\\extensions\\uqbar.wollok-lsp-ide-0.3.6\\out\\server\\src\\server.js:3:157200)\n    at o.fire (c:\\Users\\user\\.vscode\\extensions\\uqbar.wollok-lsp-ide-0.3.6\\out\\server\\src\\server.js:3:157970)\n    at c:\\Users\\user\\.vscode\\extensions\\uqbar.wollok-lsp-ide-0.3.6\\out\\server\\src\\server.js:37:57871\n    at Vr (c:\\Users\\user\\.vscode\\extensions\\uqbar.wollok-lsp-ide-0.3.6\\out\\server\\src\\server.js:8:1561)","timestamp":"2024-10-23T22:23:54.563Z"}
{"level":"info","message":"onRequest - completionItem/resolve","timestamp":"2024-10-23T22:23:54.563Z"}
{"level":"info","message":"⌛ Validating Jugadores.wlk","timeElapsed":139,"timestamp":"2024-10-23T22:23:54.750Z"}
{"level":"info","message":"⌛ Building environment","timeElapsed":107,"timestamp":"2024-10-23T22:23:54.859Z"}
{"level":"info","message":"⌛ Validating Jugadores.wlk","timeElapsed":153,"timestamp":"2024-10-23T22:23:55.012Z"}
{"level":"info","message":"⌛ Validating Jugadores.wlk","timeElapsed":155,"timestamp":"2024-10-23T22:23:55.178Z"}
{"level":"info","message":"⌛ Building environment","timeElapsed":140,"timestamp":"2024-10-23T22:24:01.662Z"}
{"level":"info","message":"⌛ Validating Jugadores.wlk","timeElapsed":484,"timestamp":"2024-10-23T22:24:02.157Z"}
{"level":"info","message":"⌛ Building environment","timeElapsed":129,"timestamp":"2024-10-23T22:24:12.781Z"}
{"level":"info","message":"⌛ Validating Personalidades.wlk","timeElapsed":158,"timestamp":"2024-10-23T22:24:12.941Z"}
{"level":"info","message":"⌛ Validating Personalidades.wlk","timeElapsed":156,"timestamp":"2024-10-23T22:24:13.209Z"}
{"level":"info","message":"onRequest - completionItem/resolve","timestamp":"2024-10-23T22:24:13.210Z"}
{"level":"info","message":"⌛ Building environment","timeElapsed":116,"timestamp":"2024-10-23T22:24:13.327Z"}
{"level":"info","message":"onRequest - completionItem/resolve","timestamp":"2024-10-23T22:24:13.327Z"}
{"level":"info","message":"⌛ Building environment","timeElapsed":119,"timestamp":"2024-10-23T22:24:13.447Z"}
{"level":"info","message":"onRequest - completionItem/resolve","timestamp":"2024-10-23T22:24:13.449Z"}
{"level":"info","message":"⌛ Validating Personalidades.wlk","timeElapsed":160,"timestamp":"2024-10-23T22:24:13.610Z"}
{"level":"info","message":"⌛ Building environment","timeElapsed":115,"timestamp":"2024-10-23T22:24:13.726Z"}
{"level":"info","message":"onRequest - completionItem/resolve","timestamp":"2024-10-23T22:24:13.727Z"}
{"level":"info","message":"⌛ Validating Personalidades.wlk","timeElapsed":149,"timestamp":"2024-10-23T22:24:13.876Z"}
{"level":"info","message":"⌛ Building environment","timeElapsed":110,"timestamp":"2024-10-23T22:24:13.987Z"}
{"level":"info","message":"onRequest - completionItem/resolve","timestamp":"2024-10-23T22:24:13.987Z"}
{"level":"info","message":"⌛ Validating Personalidades.wlk","timeElapsed":152,"timestamp":"2024-10-23T22:24:14.140Z"}
{"level":"info","message":"onRequest - completionItem/resolve","timestamp":"2024-10-23T22:24:14.245Z"}
{"level":"info","message":"⌛ Building environment","timeElapsed":107,"timestamp":"2024-10-23T22:24:14.352Z"}
{"level":"info","message":"onRequest - completionItem/resolve","timestamp":"2024-10-23T22:24:14.355Z"}
{"level":"info","message":"⌛ Validating Personalidades.wlk","timeElapsed":168,"timestamp":"2024-10-23T22:24:14.524Z"}
{"level":"info","message":"onRequest - completionItem/resolve","timestamp":"2024-10-23T22:24:14.614Z"}
{"level":"info","message":"⌛ Building environment","timeElapsed":111,"timestamp":"2024-10-23T22:24:14.725Z"}
{"level":"info","message":"onRequest - completionItem/resolve","timestamp":"2024-10-23T22:24:14.726Z"}
{"level":"info","message":"⌛ Validating Personalidades.wlk","timeElapsed":146,"timestamp":"2024-10-23T22:24:14.873Z"}
{"level":"info","message":"⌛ Building environment","timeElapsed":172,"timestamp":"2024-10-23T22:24:15.046Z"}
{"level":"info","message":"onRequest - completionItem/resolve","timestamp":"2024-10-23T22:24:15.056Z"}
{"level":"info","message":"⌛ Validating Personalidades.wlk","timeElapsed":132,"timestamp":"2024-10-23T22:24:15.189Z"}
{"level":"info","message":"⌛ Validating Personalidades.wlk","timeElapsed":133,"timestamp":"2024-10-23T22:24:15.413Z"}
{"level":"info","message":"⌛ Building environment","timeElapsed":337,"timestamp":"2024-10-23T22:24:15.758Z"}
{"level":"info","message":"⌛ Validating Personalidades.wlk","timeElapsed":136,"timestamp":"2024-10-23T22:24:15.973Z"}
{"level":"info","message":"⌛ Building environment","timeElapsed":134,"timestamp":"2024-10-23T22:24:16.108Z"}
{"level":"info","message":"⌛ Validating Personalidades.wlk","timeElapsed":502,"timestamp":"2024-10-23T22:24:16.713Z"}
{"level":"info","message":"⌛ Validating Personalidades.wlk","timeElapsed":319,"timestamp":"2024-10-23T22:24:17.143Z"}
{"level":"info","message":"⌛ Building environment","timeElapsed":379,"timestamp":"2024-10-23T22:24:17.594Z"}
{"level":"info","message":"⌛ Autocomplete - Reference","timeElapsed":101,"timestamp":"2024-10-23T22:24:17.705Z"}
{"level":"info","message":"⌛ Building environment","timeElapsed":161,"timestamp":"2024-10-23T22:24:17.870Z"}
{"level":"info","message":"⌛ Validating Personalidades.wlk","timeElapsed":170,"timestamp":"2024-10-23T22:24:18.042Z"}
{"level":"info","message":"⌛ Validating Personalidades.wlk","timeElapsed":154,"timestamp":"2024-10-23T22:24:18.203Z"}
{"level":"info","message":"⌛ Validating Personalidades.wlk","timeElapsed":142,"timestamp":"2024-10-23T22:24:18.345Z"}
{"level":"info","message":"⌛ Validating Personalidades.wlk","timeElapsed":152,"timestamp":"2024-10-23T22:24:18.498Z"}
{"level":"info","message":"⌛ Validating Personalidades.wlk","timeElapsed":139,"timestamp":"2024-10-23T22:24:18.640Z"}
{"level":"info","message":"⌛ Validating Personalidades.wlk","timeElapsed":135,"timestamp":"2024-10-23T22:24:18.775Z"}
{"level":"info","message":"⌛ Building environment","timeElapsed":153,"timestamp":"2024-10-23T22:24:18.928Z"}
{"level":"info","message":"⌛ Validating Sabotajes.wlk","timeElapsed":162,"timestamp":"2024-10-23T22:24:19.228Z"}
{"level":"info","message":"⌛ Building environment","timeElapsed":102,"timestamp":"2024-10-23T22:24:19.330Z"}
{"level":"info","message":"⌛ Validating Sabotajes.wlk","timeElapsed":145,"timestamp":"2024-10-23T22:24:19.482Z"}
{"level":"info","message":"onRequest - completionItem/resolve","timestamp":"2024-10-23T22:24:19.483Z"}
{"level":"info","message":"⌛ Building environment","timeElapsed":109,"timestamp":"2024-10-23T22:24:19.592Z"}
{"level":"info","message":"onRequest - completionItem/resolve","timestamp":"2024-10-23T22:24:19.594Z"}
{"level":"info","message":"onRequest - completionItem/resolve","timestamp":"2024-10-23T22:24:19.691Z"}
{"level":"info","message":"⌛ Validating Sabotajes.wlk","timeElapsed":122,"timestamp":"2024-10-23T22:24:19.813Z"}
{"level":"info","message":"onRequest - completionItem/resolve","timestamp":"2024-10-23T22:24:19.897Z"}
{"level":"info","message":"⌛ Building environment","timeElapsed":123,"timestamp":"2024-10-23T22:24:20.021Z"}
{"level":"info","message":"onRequest - completionItem/resolve","timestamp":"2024-10-23T22:24:20.021Z"}
{"level":"info","message":"⌛ Validating Sabotajes.wlk","timeElapsed":157,"timestamp":"2024-10-23T22:24:20.179Z"}
{"level":"info","message":"⌛ Validating Sabotajes.wlk","timeElapsed":167,"timestamp":"2024-10-23T22:24:20.346Z"}
{"level":"info","message":"⌛ Validating Sabotajes.wlk","timeElapsed":132,"timestamp":"2024-10-23T22:24:20.486Z"}
{"level":"info","message":"⌛ Building environment","timeElapsed":117,"timestamp":"2024-10-23T22:24:20.603Z"}
{"level":"info","message":"onRequest - completionItem/resolve","timestamp":"2024-10-23T22:24:20.613Z"}
{"level":"info","message":"⌛ Validating Sabotajes.wlk","timeElapsed":123,"timestamp":"2024-10-23T22:24:20.737Z"}
{"level":"info","message":"⌛ Building environment","timeElapsed":117,"timestamp":"2024-10-23T22:24:20.854Z"}
{"level":"info","message":"onRequest - completionItem/resolve","timestamp":"2024-10-23T22:24:20.855Z"}
{"level":"info","message":"⌛ Building environment","timeElapsed":144,"timestamp":"2024-10-23T22:24:20.999Z"}
{"level":"info","message":"onRequest - completionItem/resolve","timestamp":"2024-10-23T22:24:21.000Z"}
{"level":"info","message":"⌛ Building environment","timeElapsed":102,"timestamp":"2024-10-23T22:24:21.103Z"}
{"level":"info","message":"onRequest - completionItem/resolve","timestamp":"2024-10-23T22:24:21.104Z"}
{"level":"info","message":"⌛ Building environment","timeElapsed":256,"timestamp":"2024-10-23T22:24:21.361Z"}
{"level":"info","message":"⌛ Building environment","timeElapsed":228,"timestamp":"2024-10-23T22:24:21.590Z"}
{"level":"info","message":"⌛ Building environment","timeElapsed":129,"timestamp":"2024-10-23T22:24:21.725Z"}
{"level":"info","message":"⌛ Validating Sabotajes.wlk","timeElapsed":158,"timestamp":"2024-10-23T22:24:21.921Z"}
{"level":"info","message":"⌛ Validating Sabotajes.wlk","timeElapsed":137,"timestamp":"2024-10-23T22:24:22.059Z"}
{"level":"info","message":"⌛ Building environment","timeElapsed":103,"timestamp":"2024-10-23T22:24:22.162Z"}
{"level":"info","message":"⌛ Validating Sabotajes.wlk","timeElapsed":114,"timestamp":"2024-10-23T22:24:22.307Z"}
{"level":"info","message":"⌛ Validating Sabotajes.wlk","timeElapsed":388,"timestamp":"2024-10-23T22:24:22.791Z"}
{"level":"info","message":"⌛ Building environment","timeElapsed":134,"timestamp":"2024-10-23T22:24:22.926Z"}
{"level":"info","message":"⌛ Building environment","timeElapsed":564,"timestamp":"2024-10-23T22:24:23.490Z"}
{"level":"info","message":"⌛ Validating Sabotajes.wlk","timeElapsed":133,"timestamp":"2024-10-23T22:24:23.626Z"}
{"level":"info","message":"⌛ Validating Sabotajes.wlk","timeElapsed":121,"timestamp":"2024-10-23T22:24:23.747Z"}
{"level":"info","message":"⌛ Validating Sabotajes.wlk","timeElapsed":224,"timestamp":"2024-10-23T22:24:24.103Z"}
{"level":"info","message":"⌛ Building environment","timeElapsed":135,"timestamp":"2024-10-23T22:24:24.239Z"}
{"level":"info","message":"⌛ Validating Sabotajes.wlk","timeElapsed":141,"timestamp":"2024-10-23T22:24:24.381Z"}
{"level":"info","message":"⌛ Validating Sabotajes.wlk","timeElapsed":174,"timestamp":"2024-10-23T22:24:24.566Z"}
{"level":"info","message":"⌛ Validating Sabotajes.wlk","timeElapsed":156,"timestamp":"2024-10-23T22:24:24.723Z"}
{"level":"info","message":"⌛ Validating Sabotajes.wlk","timeElapsed":148,"timestamp":"2024-10-23T22:24:24.872Z"}
{"level":"info","message":"⌛ Validating Sabotajes.wlk","timeElapsed":137,"timestamp":"2024-10-23T22:24:25.010Z"}
{"level":"info","message":"⌛ Validating Sabotajes.wlk","timeElapsed":130,"timestamp":"2024-10-23T22:24:25.141Z"}
{"level":"info","message":"⌛ Building environment","timeElapsed":106,"timestamp":"2024-10-23T22:24:25.366Z"}
{"level":"info","message":"⌛ Validating Tareas.wlk","timeElapsed":139,"timestamp":"2024-10-23T22:24:25.505Z"}
{"level":"info","message":"⌛ Validating Tareas.wlk","timeElapsed":155,"timestamp":"2024-10-23T22:24:25.687Z"}
{"level":"info","message":"⌛ Building environment","timeElapsed":114,"timestamp":"2024-10-23T22:24:25.802Z"}
{"level":"info","message":"onRequest - completionItem/resolve","timestamp":"2024-10-23T22:24:25.802Z"}
{"level":"info","message":"⌛ Building environment","timeElapsed":107,"timestamp":"2024-10-23T22:24:25.910Z"}
{"level":"info","message":"onRequest - completionItem/resolve","timestamp":"2024-10-23T22:24:25.910Z"}
{"level":"info","message":"⌛ Building environment","timeElapsed":101,"timestamp":"2024-10-23T22:24:26.012Z"}
{"level":"info","message":"onRequest - completionItem/resolve","timestamp":"2024-10-23T22:24:26.013Z"}
{"level":"info","message":"⌛ Validating Tareas.wlk","timeElapsed":134,"timestamp":"2024-10-23T22:24:26.148Z"}
{"level":"info","message":"⌛ Validating Tareas.wlk","timeElapsed":167,"timestamp":"2024-10-23T22:24:26.316Z"}
{"level":"info","message":"⌛ Validating Tareas.wlk","timeElapsed":143,"timestamp":"2024-10-23T22:24:26.459Z"}
{"level":"info","message":"onRequest - completionItem/resolve","timestamp":"2024-10-23T22:24:26.571Z"}
{"level":"error","message":"✘ Failed to rebuild document Failed to parse Tareas.wlk: \n-- PARSING FAILED --------------------------------------------------\n\n  10 |     self.afectarA(unJugador)\n  11 |     self.usarItemsNecesarios(unJugador)\n> 12 |   }\n     |   ^\n  13 | \n  14 |   method usarItemsNecesarios(unJugador) {\n\nExpected one of the following: \n\n'@', 'class', 'const', 'describe', 'mixin', 'object', 'only', 'package', 'program', 'test', 'var', '{', EOF, comment, not \"}\r\n\r\n  \", whitespace\n","stack":"Error: Failed to parse Tareas.wlk: \n-- PARSING FAILED --------------------------------------------------\n\n  10 |     self.afectarA(unJugador)\n  11 |     self.usarItemsNecesarios(unJugador)\n> 12 |   }\n     |   ^\n  13 | \n  14 |   method usarItemsNecesarios(unJugador) {\n\nExpected one of the following: \n\n'@', 'class', 'const', 'describe', 'mixin', 'object', 'only', 'package', 'program', 'test', 'var', '{', EOF, comment, not \"}\r\n\r\n  \", whitespace\n\n    at c:\\Users\\user\\.vscode\\extensions\\uqbar.wollok-lsp-ide-0.3.6\\out\\server\\src\\server.js:2254:32415\n    at Array.map (<anonymous>)\n    at Jfn (c:\\Users\\user\\.vscode\\extensions\\uqbar.wollok-lsp-ide-0.3.6\\out\\server\\src\\server.js:2254:32339)\n    at k2.buildEnvironmentFrom (c:\\Users\\user\\.vscode\\extensions\\uqbar.wollok-lsp-ide-0.3.6\\out\\server\\src\\server.js:2285:6721)\n    at k2.updateEnvironmentWith (c:\\Users\\user\\.vscode\\extensions\\uqbar.wollok-lsp-ide-0.3.6\\out\\server\\src\\server.js:2285:6456)\n    at jL (c:\\Users\\user\\.vscode\\extensions\\uqbar.wollok-lsp-ide-0.3.6\\out\\server\\src\\server.js:2298:2292)\n    at v3.invoke (c:\\Users\\user\\.vscode\\extensions\\uqbar.wollok-lsp-ide-0.3.6\\out\\server\\src\\server.js:3:157200)\n    at o.fire (c:\\Users\\user\\.vscode\\extensions\\uqbar.wollok-lsp-ide-0.3.6\\out\\server\\src\\server.js:3:157970)\n    at c:\\Users\\user\\.vscode\\extensions\\uqbar.wollok-lsp-ide-0.3.6\\out\\server\\src\\server.js:37:57871\n    at Vr (c:\\Users\\user\\.vscode\\extensions\\uqbar.wollok-lsp-ide-0.3.6\\out\\server\\src\\server.js:8:1561)","timestamp":"2024-10-23T22:24:26.593Z"}
{"level":"info","message":"onRequest - completionItem/resolve","timestamp":"2024-10-23T22:24:26.593Z"}
{"level":"error","message":"✘ Failed to rebuild document Failed to parse Tareas.wlk: \n-- PARSING FAILED --------------------------------------------------\n\n  10 |     self.afectarA(unJugador)\n  11 |     self.usarItemsNecesarios(unJugador)\n> 12 |   }\n     |   ^\n  13 | \n  14 |   method usarItemsNecesarios(unJugador) {\n\nExpected one of the following: \n\n'@', 'class', 'const', 'describe', 'mixin', 'object', 'only', 'package', 'program', 'test', 'var', '{', EOF, comment, not \"}\r\n\r\n  \", whitespace\n","stack":"Error: Failed to parse Tareas.wlk: \n-- PARSING FAILED --------------------------------------------------\n\n  10 |     self.afectarA(unJugador)\n  11 |     self.usarItemsNecesarios(unJugador)\n> 12 |   }\n     |   ^\n  13 | \n  14 |   method usarItemsNecesarios(unJugador) {\n\nExpected one of the following: \n\n'@', 'class', 'const', 'describe', 'mixin', 'object', 'only', 'package', 'program', 'test', 'var', '{', EOF, comment, not \"}\r\n\r\n  \", whitespace\n\n    at c:\\Users\\user\\.vscode\\extensions\\uqbar.wollok-lsp-ide-0.3.6\\out\\server\\src\\server.js:2254:32415\n    at Array.map (<anonymous>)\n    at Jfn (c:\\Users\\user\\.vscode\\extensions\\uqbar.wollok-lsp-ide-0.3.6\\out\\server\\src\\server.js:2254:32339)\n    at k2.buildEnvironmentFrom (c:\\Users\\user\\.vscode\\extensions\\uqbar.wollok-lsp-ide-0.3.6\\out\\server\\src\\server.js:2285:6721)\n    at k2.updateEnvironmentWith (c:\\Users\\user\\.vscode\\extensions\\uqbar.wollok-lsp-ide-0.3.6\\out\\server\\src\\server.js:2285:6456)\n    at jL (c:\\Users\\user\\.vscode\\extensions\\uqbar.wollok-lsp-ide-0.3.6\\out\\server\\src\\server.js:2298:2292)\n    at v3.invoke (c:\\Users\\user\\.vscode\\extensions\\uqbar.wollok-lsp-ide-0.3.6\\out\\server\\src\\server.js:3:157200)\n    at o.fire (c:\\Users\\user\\.vscode\\extensions\\uqbar.wollok-lsp-ide-0.3.6\\out\\server\\src\\server.js:3:157970)\n    at c:\\Users\\user\\.vscode\\extensions\\uqbar.wollok-lsp-ide-0.3.6\\out\\server\\src\\server.js:37:57871\n    at Vr (c:\\Users\\user\\.vscode\\extensions\\uqbar.wollok-lsp-ide-0.3.6\\out\\server\\src\\server.js:8:1561)","timestamp":"2024-10-23T22:24:26.604Z"}
{"level":"info","message":"⌛ Validating Tareas.wlk","timeElapsed":176,"timestamp":"2024-10-23T22:24:26.780Z"}
{"level":"info","message":"⌛ Building environment","timeElapsed":115,"timestamp":"2024-10-23T22:24:26.895Z"}
{"level":"info","message":"⌛ Building environment","timeElapsed":143,"timestamp":"2024-10-23T22:24:27.075Z"}
{"level":"info","message":"⌛ Validating Tareas.wlk","timeElapsed":130,"timestamp":"2024-10-23T22:24:27.220Z"}
{"level":"info","message":"onRequest - completionItem/resolve","timestamp":"2024-10-23T22:24:27.220Z"}
{"level":"info","message":"onRequest - completionItem/resolve","timestamp":"2024-10-23T22:24:27.323Z"}
{"level":"info","message":"⌛ Building environment","timeElapsed":107,"timestamp":"2024-10-23T22:24:27.431Z"}
{"level":"info","message":"onRequest - completionItem/resolve","timestamp":"2024-10-23T22:24:27.442Z"}
{"level":"info","message":"⌛ Validating Tareas.wlk","timeElapsed":156,"timestamp":"2024-10-23T22:24:27.599Z"}
{"level":"info","message":"⌛ Validating Tareas.wlk","timeElapsed":174,"timestamp":"2024-10-23T22:24:27.773Z"}
{"level":"info","message":"⌛ Validating Tareas.wlk","timeElapsed":123,"timestamp":"2024-10-23T22:24:27.905Z"}
{"level":"error","message":"✘ Failed to rebuild document Failed to parse Tareas.wlk: \n-- PARSING FAILED --------------------------------------------------\n\n  10 |     self.afectarA(unJugador)\n  11 |     self.usarItemsNecesarios(unJugador)\n> 12 |   }\n     |   ^\n  13 | \n  14 |   method usarItemsNecesarios(unJugador) {\n\nExpected one of the following: \n\n'@', 'class', 'const', 'describe', 'mixin', 'object', 'only', 'package', 'program', 'test', 'var', '{', EOF, comment, not \"}\r\n\r\n  \", whitespace\n","stack":"Error: Failed to parse Tareas.wlk: \n-- PARSING FAILED --------------------------------------------------\n\n  10 |     self.afectarA(unJugador)\n  11 |     self.usarItemsNecesarios(unJugador)\n> 12 |   }\n     |   ^\n  13 | \n  14 |   method usarItemsNecesarios(unJugador) {\n\nExpected one of the following: \n\n'@', 'class', 'const', 'describe', 'mixin', 'object', 'only', 'package', 'program', 'test', 'var', '{', EOF, comment, not \"}\r\n\r\n  \", whitespace\n\n    at c:\\Users\\user\\.vscode\\extensions\\uqbar.wollok-lsp-ide-0.3.6\\out\\server\\src\\server.js:2254:32415\n    at Array.map (<anonymous>)\n    at Jfn (c:\\Users\\user\\.vscode\\extensions\\uqbar.wollok-lsp-ide-0.3.6\\out\\server\\src\\server.js:2254:32339)\n    at k2.buildEnvironmentFrom (c:\\Users\\user\\.vscode\\extensions\\uqbar.wollok-lsp-ide-0.3.6\\out\\server\\src\\server.js:2285:6721)\n    at k2.updateEnvironmentWith (c:\\Users\\user\\.vscode\\extensions\\uqbar.wollok-lsp-ide-0.3.6\\out\\server\\src\\server.js:2285:6456)\n    at jL (c:\\Users\\user\\.vscode\\extensions\\uqbar.wollok-lsp-ide-0.3.6\\out\\server\\src\\server.js:2298:2292)\n    at v3.invoke (c:\\Users\\user\\.vscode\\extensions\\uqbar.wollok-lsp-ide-0.3.6\\out\\server\\src\\server.js:3:157200)\n    at o.fire (c:\\Users\\user\\.vscode\\extensions\\uqbar.wollok-lsp-ide-0.3.6\\out\\server\\src\\server.js:3:157970)\n    at c:\\Users\\user\\.vscode\\extensions\\uqbar.wollok-lsp-ide-0.3.6\\out\\server\\src\\server.js:37:57871\n    at Vr (c:\\Users\\user\\.vscode\\extensions\\uqbar.wollok-lsp-ide-0.3.6\\out\\server\\src\\server.js:8:1561)","timestamp":"2024-10-23T22:24:27.912Z"}
{"level":"info","message":"onRequest - completionItem/resolve","timestamp":"2024-10-23T22:24:27.913Z"}
{"level":"info","message":"⌛ Building environment","timeElapsed":106,"timestamp":"2024-10-23T22:24:28.054Z"}
{"level":"info","message":"⌛ Validating Tareas.wlk","timeElapsed":120,"timestamp":"2024-10-23T22:24:28.181Z"}
{"level":"info","message":"⌛ Building environment","timeElapsed":330,"timestamp":"2024-10-23T22:25:15.196Z"}
{"level":"info","message":"⌛ Validating Nave.wlk","timeElapsed":157,"timestamp":"2024-10-23T22:25:15.359Z"}
{"level":"info","message":"⌛ Building environment","timeElapsed":150,"timestamp":"2024-10-23T22:25:15.799Z"}
{"level":"info","message":"⌛ Validating Nave.wlk","timeElapsed":166,"timestamp":"2024-10-23T22:25:15.965Z"}
{"level":"info","message":"⌛ Building environment","timeElapsed":255,"timestamp":"2024-10-23T22:25:18.182Z"}
{"level":"info","message":"⌛ Validating Personalidades.wlk","timeElapsed":135,"timestamp":"2024-10-23T22:25:18.361Z"}
{"level":"info","message":"⌛ Building environment","timeElapsed":132,"timestamp":"2024-10-23T22:25:18.564Z"}
{"level":"info","message":"⌛ Validating Personalidades.wlk","timeElapsed":143,"timestamp":"2024-10-23T22:25:18.714Z"}
{"level":"info","message":"⌛ Building environment","timeElapsed":139,"timestamp":"2024-10-23T22:25:20.475Z"}
{"level":"info","message":"⌛ Validating Sabotajes.wlk","timeElapsed":212,"timestamp":"2024-10-23T22:25:20.689Z"}
{"level":"info","message":"⌛ Building environment","timeElapsed":128,"timestamp":"2024-10-23T22:25:21.041Z"}
{"level":"info","message":"⌛ Validating Sabotajes.wlk","timeElapsed":158,"timestamp":"2024-10-23T22:25:21.202Z"}
{"level":"info","message":"⌛ Building environment","timeElapsed":147,"timestamp":"2024-10-23T22:25:24.820Z"}
{"level":"info","message":"⌛ Validating Tareas.wlk","timeElapsed":129,"timestamp":"2024-10-23T22:25:24.964Z"}
{"level":"info","message":"⌛ Building environment","timeElapsed":124,"timestamp":"2024-10-23T22:25:25.351Z"}
{"level":"info","message":"⌛ Validating Tareas.wlk","timeElapsed":143,"timestamp":"2024-10-23T22:25:25.510Z"}
