{"level":"info","message":"⌛ Building environment","timeElapsed":121,"timestamp":"2024-10-27T03:31:16.743Z"}
{"level":"info","message":"⌛ Building environment","timeElapsed":166,"timestamp":"2024-10-27T03:31:16.948Z"}
{"level":"info","message":"⌛ Validating Barco.wlk","timeElapsed":167,"timestamp":"2024-10-27T03:31:17.119Z"}
{"level":"info","message":"⌛ Building environment","timeElapsed":156,"timestamp":"2024-10-27T03:31:17.275Z"}
{"level":"info","message":"⌛ Validating Barco.wlk","timeElapsed":127,"timestamp":"2024-10-27T03:31:17.436Z"}
{"level":"info","message":"⌛ Building environment","timeElapsed":130,"timestamp":"2024-10-27T03:31:17.567Z"}
{"level":"info","message":"⌛ Building environment","timeElapsed":115,"timestamp":"2024-10-27T03:31:17.705Z"}
{"level":"info","message":"⌛ Building environment","timeElapsed":170,"timestamp":"2024-10-27T03:31:17.876Z"}
{"level":"info","message":"⌛ Validating Barco.wlk","timeElapsed":128,"timestamp":"2024-10-27T03:31:18.015Z"}
{"level":"info","message":"⌛ Building environment","timeElapsed":124,"timestamp":"2024-10-27T03:31:18.143Z"}
{"level":"info","message":"⌛ Validating Barco.wlk","timeElapsed":163,"timestamp":"2024-10-27T03:31:18.307Z"}
{"level":"info","message":"⌛ Building environment","timeElapsed":122,"timestamp":"2024-10-27T03:31:18.431Z"}
{"level":"info","message":"⌛ Validating Barco.wlk","timeElapsed":235,"timestamp":"2024-10-27T03:31:18.668Z"}
{"level":"info","message":"⌛ Building environment","timeElapsed":167,"timestamp":"2024-10-27T03:31:18.835Z"}
{"level":"info","message":"⌛ Validating Barco.wlk","timeElapsed":146,"timestamp":"2024-10-27T03:31:18.982Z"}
{"level":"info","message":"⌛ Building environment","timeElapsed":119,"timestamp":"2024-10-27T03:31:19.102Z"}
{"level":"info","message":"⌛ Building environment","timeElapsed":113,"timestamp":"2024-10-27T03:31:19.224Z"}
{"level":"info","message":"⌛ Validating Barco.wlk","timeElapsed":155,"timestamp":"2024-10-27T03:31:19.386Z"}
{"level":"info","message":"⌛ Building environment","timeElapsed":118,"timestamp":"2024-10-27T03:31:19.508Z"}
{"level":"info","message":"⌛ Validating Barco.wlk","timeElapsed":133,"timestamp":"2024-10-27T03:31:19.642Z"}
{"level":"info","message":"⌛ Validating Barco.wlk","timeElapsed":179,"timestamp":"2024-10-27T03:31:19.831Z"}
{"level":"info","message":"⌛ Validating Barco.wlk","timeElapsed":125,"timestamp":"2024-10-27T03:31:19.958Z"}
{"level":"info","message":"⌛ Validating Barco.wlk","timeElapsed":137,"timestamp":"2024-10-27T03:31:20.096Z"}
{"level":"info","message":"⌛ Validating Barco.wlk","timeElapsed":136,"timestamp":"2024-10-27T03:31:20.232Z"}
{"level":"info","message":"⌛ Validating Barco.wlk","timeElapsed":155,"timestamp":"2024-10-27T03:31:20.388Z"}
{"level":"info","message":"⌛ Validating Barco.wlk","timeElapsed":158,"timestamp":"2024-10-27T03:31:20.547Z"}
{"level":"info","message":"⌛ Validating Barco.wlk","timeElapsed":155,"timestamp":"2024-10-27T03:31:20.703Z"}
{"level":"info","message":"⌛ Validating Barco.wlk","timeElapsed":138,"timestamp":"2024-10-27T03:31:20.843Z"}
{"level":"info","message":"⌛ Validating Barco.wlk","timeElapsed":124,"timestamp":"2024-10-27T03:31:20.968Z"}
{"level":"info","message":"⌛ Building environment","timeElapsed":111,"timestamp":"2024-10-27T03:31:21.079Z"}
{"level":"info","message":"⌛ Validating Barco.wlk","timeElapsed":125,"timestamp":"2024-10-27T03:31:21.222Z"}
{"level":"info","message":"⌛ Building environment","timeElapsed":124,"timestamp":"2024-10-27T03:31:22.236Z"}
{"level":"info","message":"⌛ Validating Barco.wlk","timeElapsed":223,"timestamp":"2024-10-27T03:31:22.490Z"}
{"level":"info","message":"onRequest - completionItem/resolve","timestamp":"2024-10-27T03:31:22.490Z"}
{"level":"info","message":"⌛ Building environment","timeElapsed":155,"timestamp":"2024-10-27T03:31:24.646Z"}
{"level":"info","message":"onRequest - completionItem/resolve","timestamp":"2024-10-27T03:31:24.646Z"}
{"level":"info","message":"⌛ Validating Barco.wlk","timeElapsed":137,"timestamp":"2024-10-27T03:31:24.784Z"}
{"level":"info","message":"⌛ Building environment","timeElapsed":247,"timestamp":"2024-10-27T03:31:25.561Z"}
{"level":"info","message":"onRequest - completionItem/resolve","timestamp":"2024-10-27T03:31:25.561Z"}
{"level":"info","message":"⌛ Validating Barco.wlk","timeElapsed":124,"timestamp":"2024-10-27T03:31:25.686Z"}
{"level":"info","message":"⌛ Building environment","timeElapsed":126,"timestamp":"2024-10-27T03:31:26.390Z"}
{"level":"info","message":"⌛ Validating Barco.wlk","timeElapsed":131,"timestamp":"2024-10-27T03:31:26.522Z"}
{"level":"info","message":"⌛ Building environment","timeElapsed":268,"timestamp":"2024-10-27T03:31:27.580Z"}
{"level":"error","message":"✘ Completions for node failed: Error: [Send]{d8c2dd} at Barco.wlk:79 exhausted all cases without a match [Send]{d8c2dd} at Barco.wlk:79 exhausted all cases without a match","stack":"Error: [Send]{d8c2dd} at Barco.wlk:79 exhausted all cases without a match\n    at c:\\Users\\user\\.vscode\\extensions\\uqbar.wollok-lsp-ide-0.3.6\\out\\server\\src\\server.js:38:6067\n    at yh (c:\\Users\\user\\.vscode\\extensions\\uqbar.wollok-lsp-ide-0.3.6\\out\\server\\src\\server.js:2291:42)\n    at kh (c:\\Users\\user\\.vscode\\extensions\\uqbar.wollok-lsp-ide-0.3.6\\out\\server\\src\\server.js:2291:1004)\n    at Y5n (c:\\Users\\user\\.vscode\\extensions\\uqbar.wollok-lsp-ide-0.3.6\\out\\server\\src\\server.js:2291:1160)\n    at c:\\Users\\user\\.vscode\\extensions\\uqbar.wollok-lsp-ide-0.3.6\\out\\server\\src\\server.js:38:6056\n    at yh (c:\\Users\\user\\.vscode\\extensions\\uqbar.wollok-lsp-ide-0.3.6\\out\\server\\src\\server.js:2291:42)\n    at c:\\Users\\user\\.vscode\\extensions\\uqbar.wollok-lsp-ide-0.3.6\\out\\server\\src\\server.js:2291:2700\n    at c:\\Users\\user\\.vscode\\extensions\\uqbar.wollok-lsp-ide-0.3.6\\out\\server\\src\\server.js:2298:3774\n    at c:\\Users\\user\\.vscode\\extensions\\uqbar.wollok-lsp-ide-0.3.6\\out\\server\\src\\server.js:37:74872\n    at Fe (c:\\Users\\user\\.vscode\\extensions\\uqbar.wollok-lsp-ide-0.3.6\\out\\server\\src\\server.js:7:8527)","timestamp":"2024-10-27T03:31:27.610Z"}
{"level":"error","message":"✘ Completions for node failed: Error: [Return]{863cb1} at Barco.wlk:-- exhausted all cases without a match [Return]{863cb1} at Barco.wlk:-- exhausted all cases without a match","stack":"Error: [Return]{863cb1} at Barco.wlk:-- exhausted all cases without a match\n    at c:\\Users\\user\\.vscode\\extensions\\uqbar.wollok-lsp-ide-0.3.6\\out\\server\\src\\server.js:38:6067\n    at yh (c:\\Users\\user\\.vscode\\extensions\\uqbar.wollok-lsp-ide-0.3.6\\out\\server\\src\\server.js:2291:42)\n    at kh (c:\\Users\\user\\.vscode\\extensions\\uqbar.wollok-lsp-ide-0.3.6\\out\\server\\src\\server.js:2291:1004)\n    at yh (c:\\Users\\user\\.vscode\\extensions\\uqbar.wollok-lsp-ide-0.3.6\\out\\server\\src\\server.js:2291:456)\n    at kh (c:\\Users\\user\\.vscode\\extensions\\uqbar.wollok-lsp-ide-0.3.6\\out\\server\\src\\server.js:2291:1004)\n    at Y5n (c:\\Users\\user\\.vscode\\extensions\\uqbar.wollok-lsp-ide-0.3.6\\out\\server\\src\\server.js:2291:1160)\n    at c:\\Users\\user\\.vscode\\extensions\\uqbar.wollok-lsp-ide-0.3.6\\out\\server\\src\\server.js:38:6056\n    at yh (c:\\Users\\user\\.vscode\\extensions\\uqbar.wollok-lsp-ide-0.3.6\\out\\server\\src\\server.js:2291:42)\n    at c:\\Users\\user\\.vscode\\extensions\\uqbar.wollok-lsp-ide-0.3.6\\out\\server\\src\\server.js:2291:2700\n    at c:\\Users\\user\\.vscode\\extensions\\uqbar.wollok-lsp-ide-0.3.6\\out\\server\\src\\server.js:2298:3774","timestamp":"2024-10-27T03:31:27.611Z"}
{"level":"info","message":"⌛ Building environment","timeElapsed":155,"timestamp":"2024-10-27T03:31:27.769Z"}
{"level":"info","message":"⌛ Validating Barco.wlk","timeElapsed":129,"timestamp":"2024-10-27T03:31:27.901Z"}
{"level":"info","message":"onRequest - completionItem/resolve","timestamp":"2024-10-27T03:31:27.901Z"}
{"level":"info","message":"⌛ Building environment","timeElapsed":162,"timestamp":"2024-10-27T03:31:28.064Z"}
{"level":"info","message":"onRequest - completionItem/resolve","timestamp":"2024-10-27T03:31:28.065Z"}
{"level":"info","message":"⌛ Validating Barco.wlk","timeElapsed":150,"timestamp":"2024-10-27T03:31:28.215Z"}
{"level":"info","message":"⌛ Building environment","timeElapsed":158,"timestamp":"2024-10-27T03:31:28.374Z"}
{"level":"info","message":"onRequest - completionItem/resolve","timestamp":"2024-10-27T03:31:28.375Z"}
{"level":"info","message":"⌛ Building environment","timeElapsed":113,"timestamp":"2024-10-27T03:31:28.488Z"}
{"level":"info","message":"onRequest - completionItem/resolve","timestamp":"2024-10-27T03:31:28.489Z"}
{"level":"info","message":"⌛ Validating Barco.wlk","timeElapsed":135,"timestamp":"2024-10-27T03:31:28.624Z"}
{"level":"info","message":"⌛ Building environment","timeElapsed":142,"timestamp":"2024-10-27T03:31:28.767Z"}
{"level":"info","message":"onRequest - completionItem/resolve","timestamp":"2024-10-27T03:31:28.767Z"}
{"level":"info","message":"⌛ Building environment","timeElapsed":113,"timestamp":"2024-10-27T03:31:28.881Z"}
{"level":"info","message":"onRequest - completionItem/resolve","timestamp":"2024-10-27T03:31:28.881Z"}
{"level":"info","message":"⌛ Validating Barco.wlk","timeElapsed":122,"timestamp":"2024-10-27T03:31:29.002Z"}
{"level":"info","message":"⌛ Validating Barco.wlk","timeElapsed":135,"timestamp":"2024-10-27T03:31:29.138Z"}
{"level":"info","message":"⌛ Building environment","timeElapsed":323,"timestamp":"2024-10-27T03:31:29.463Z"}
{"level":"info","message":"onRequest - completionItem/resolve","timestamp":"2024-10-27T03:31:29.464Z"}
{"level":"info","message":"⌛ Validating Barco.wlk","timeElapsed":220,"timestamp":"2024-10-27T03:31:29.697Z"}
{"level":"info","message":"⌛ Validating Barco.wlk","timeElapsed":136,"timestamp":"2024-10-27T03:31:29.834Z"}
{"level":"info","message":"⌛ Building environment","timeElapsed":126,"timestamp":"2024-10-27T03:31:29.962Z"}
{"level":"info","message":"onRequest - completionItem/resolve","timestamp":"2024-10-27T03:31:29.963Z"}
{"level":"info","message":"⌛ Building environment","timeElapsed":154,"timestamp":"2024-10-27T03:31:30.117Z"}
{"level":"info","message":"onRequest - completionItem/resolve","timestamp":"2024-10-27T03:31:30.118Z"}
{"level":"info","message":"⌛ Building environment","timeElapsed":270,"timestamp":"2024-10-27T03:31:30.388Z"}
{"level":"info","message":"onRequest - completionItem/resolve","timestamp":"2024-10-27T03:31:30.389Z"}
{"level":"info","message":"⌛ Validating Barco.wlk","timeElapsed":221,"timestamp":"2024-10-27T03:31:30.612Z"}
{"level":"info","message":"⌛ Building environment","timeElapsed":135,"timestamp":"2024-10-27T03:31:30.748Z"}
{"level":"info","message":"onRequest - completionItem/resolve","timestamp":"2024-10-27T03:31:30.749Z"}
{"level":"info","message":"⌛ Building environment","timeElapsed":116,"timestamp":"2024-10-27T03:31:30.866Z"}
{"level":"info","message":"onRequest - completionItem/resolve","timestamp":"2024-10-27T03:31:30.866Z"}
{"level":"info","message":"⌛ Validating Barco.wlk","timeElapsed":122,"timestamp":"2024-10-27T03:31:30.989Z"}
{"level":"info","message":"⌛ Validating Barco.wlk","timeElapsed":137,"timestamp":"2024-10-27T03:31:31.136Z"}
{"level":"info","message":"⌛ Validating Barco.wlk","timeElapsed":166,"timestamp":"2024-10-27T03:31:31.304Z"}
{"level":"info","message":"⌛ Validating Barco.wlk","timeElapsed":158,"timestamp":"2024-10-27T03:31:31.463Z"}
{"level":"info","message":"⌛ Validating Barco.wlk","timeElapsed":127,"timestamp":"2024-10-27T03:31:31.590Z"}
{"level":"info","message":"⌛ Building environment","timeElapsed":177,"timestamp":"2024-10-27T03:32:01.413Z"}
{"level":"info","message":"⌛ Validating Barco.wlk","timeElapsed":150,"timestamp":"2024-10-27T03:32:01.569Z"}
{"level":"info","message":"⌛ Building environment","timeElapsed":147,"timestamp":"2024-10-27T03:32:05.298Z"}
{"level":"info","message":"⌛ Validating Barco.wlk","timeElapsed":164,"timestamp":"2024-10-27T03:32:05.465Z"}
{"level":"info","message":"⌛ Building environment","timeElapsed":115,"timestamp":"2024-10-27T03:32:06.122Z"}
{"level":"info","message":"⌛ Validating Barco.wlk","timeElapsed":129,"timestamp":"2024-10-27T03:32:06.252Z"}
