{"level":"info","message":"⌛ Building environment","timeElapsed":388,"timestamp":"2024-10-17T23:49:32.849Z"}
{"level":"info","message":"onRequest - WORKSPACE_URI:file:///c%3A/Users/user/Desktop/Simbiosis/UTN/Segundo%20A%C3%B1o/Paradigmas%20de%20Programaci%C3%B3n/Objetos/Gu%C3%ADa%203","timestamp":"2024-10-17T23:49:32.861Z"}
{"level":"info","message":"⌛ Building environment","timeElapsed":570,"timestamp":"2024-10-17T23:49:33.434Z"}
{"level":"info","message":"⌛ Building environment","timeElapsed":154,"timestamp":"2024-10-17T23:49:33.593Z"}
{"level":"info","message":"⌛ Building environment","timeElapsed":141,"timestamp":"2024-10-17T23:49:33.737Z"}
{"level":"info","message":"⌛ Building environment","timeElapsed":118,"timestamp":"2024-10-17T23:49:33.872Z"}
{"level":"info","message":"⌛ Building environment","timeElapsed":152,"timestamp":"2024-10-17T23:49:34.122Z"}
{"level":"info","message":"⌛ Building environment","timeElapsed":265,"timestamp":"2024-10-17T23:49:34.394Z"}
{"level":"info","message":"⌛ Building environment","timeElapsed":134,"timestamp":"2024-10-17T23:49:34.537Z"}
{"level":"info","message":"⌛ Validating Ejercicio%202/Animales.wlk","timeElapsed":169,"timestamp":"2024-10-17T23:49:34.708Z"}
{"level":"info","message":"⌛ Building environment","timeElapsed":185,"timestamp":"2024-10-17T23:49:34.893Z"}
{"level":"info","message":"⌛ Validating Ejercicio%201/Moto.wlk","timeElapsed":139,"timestamp":"2024-10-17T23:49:35.046Z"}
{"level":"info","message":"⌛ Validating Ejercicio%202/Comederos.wlk","timeElapsed":130,"timestamp":"2024-10-17T23:49:35.176Z"}
{"level":"info","message":"⌛ Validating Ejercicio%201/Empresa.wlk","timeElapsed":201,"timestamp":"2024-10-17T23:49:35.377Z"}
{"level":"info","message":"⌛ Validating Ejercicio%201/Bicicleta.wlk","timeElapsed":137,"timestamp":"2024-10-17T23:49:35.515Z"}
{"level":"info","message":"⌛ Validating Ejercicio%201/Auto.wlk","timeElapsed":211,"timestamp":"2024-10-17T23:49:35.727Z"}
{"level":"info","message":"⌛ Validating Ejercicio%202/Estaci%C3%B3nDeServicio.wlk","timeElapsed":148,"timestamp":"2024-10-17T23:49:35.876Z"}
{"level":"info","message":"⌛ Validating Ejercicio%202/Animales.wlk","timeElapsed":168,"timestamp":"2024-10-17T23:49:36.045Z"}
{"level":"info","message":"⌛ Validating Ejercicio%201/Moto.wlk","timeElapsed":123,"timestamp":"2024-10-17T23:49:36.171Z"}
{"level":"info","message":"⌛ Building environment","timeElapsed":216,"timestamp":"2024-10-17T23:49:47.182Z"}
{"level":"info","message":"⌛ Validating Ejercicio%202/Comederos.wlk","timeElapsed":313,"timestamp":"2024-10-17T23:49:47.503Z"}
{"level":"info","message":"⌛ Building environment","timeElapsed":210,"timestamp":"2024-10-17T23:49:50.408Z"}
{"level":"error","message":"✘ Completions for node failed: Error: [If]{3ad1f3} at Ejercicio%202/Comederos.wlk:55 exhausted all cases without a match [If]{3ad1f3} at Ejercicio%202/Comederos.wlk:55 exhausted all cases without a match","stack":"Error: [If]{3ad1f3} at Ejercicio%202/Comederos.wlk:55 exhausted all cases without a match\n    at c:\\Users\\user\\.vscode\\extensions\\uqbar.wollok-lsp-ide-0.3.6\\out\\server\\src\\server.js:38:6067\n    at yh (c:\\Users\\user\\.vscode\\extensions\\uqbar.wollok-lsp-ide-0.3.6\\out\\server\\src\\server.js:2291:42)\n    at kh (c:\\Users\\user\\.vscode\\extensions\\uqbar.wollok-lsp-ide-0.3.6\\out\\server\\src\\server.js:2291:1004)\n    at z5n (c:\\Users\\user\\.vscode\\extensions\\uqbar.wollok-lsp-ide-0.3.6\\out\\server\\src\\server.js:2291:730)\n    at c:\\Users\\user\\.vscode\\extensions\\uqbar.wollok-lsp-ide-0.3.6\\out\\server\\src\\server.js:38:6056\n    at yh (c:\\Users\\user\\.vscode\\extensions\\uqbar.wollok-lsp-ide-0.3.6\\out\\server\\src\\server.js:2291:42)\n    at c:\\Users\\user\\.vscode\\extensions\\uqbar.wollok-lsp-ide-0.3.6\\out\\server\\src\\server.js:2291:2700\n    at c:\\Users\\user\\.vscode\\extensions\\uqbar.wollok-lsp-ide-0.3.6\\out\\server\\src\\server.js:2298:3774\n    at c:\\Users\\user\\.vscode\\extensions\\uqbar.wollok-lsp-ide-0.3.6\\out\\server\\src\\server.js:37:74872\n    at Fe (c:\\Users\\user\\.vscode\\extensions\\uqbar.wollok-lsp-ide-0.3.6\\out\\server\\src\\server.js:7:8527)","timestamp":"2024-10-17T23:49:50.442Z"}
{"level":"info","message":"⌛ Building environment","timeElapsed":133,"timestamp":"2024-10-17T23:49:50.582Z"}
{"level":"info","message":"⌛ Building environment","timeElapsed":117,"timestamp":"2024-10-17T23:49:50.703Z"}
{"level":"info","message":"⌛ Validating Ejercicio%202/Comederos.wlk","timeElapsed":183,"timestamp":"2024-10-17T23:49:50.887Z"}
{"level":"info","message":"⌛ Building environment","timeElapsed":303,"timestamp":"2024-10-17T23:49:51.190Z"}
{"level":"error","message":"✘ Completions for node failed: Error: [If]{b6833f} at Ejercicio%202/Comederos.wlk:55 exhausted all cases without a match [If]{b6833f} at Ejercicio%202/Comederos.wlk:55 exhausted all cases without a match","stack":"Error: [If]{b6833f} at Ejercicio%202/Comederos.wlk:55 exhausted all cases without a match\n    at c:\\Users\\user\\.vscode\\extensions\\uqbar.wollok-lsp-ide-0.3.6\\out\\server\\src\\server.js:38:6067\n    at yh (c:\\Users\\user\\.vscode\\extensions\\uqbar.wollok-lsp-ide-0.3.6\\out\\server\\src\\server.js:2291:42)\n    at kh (c:\\Users\\user\\.vscode\\extensions\\uqbar.wollok-lsp-ide-0.3.6\\out\\server\\src\\server.js:2291:1004)\n    at z5n (c:\\Users\\user\\.vscode\\extensions\\uqbar.wollok-lsp-ide-0.3.6\\out\\server\\src\\server.js:2291:730)\n    at c:\\Users\\user\\.vscode\\extensions\\uqbar.wollok-lsp-ide-0.3.6\\out\\server\\src\\server.js:38:6056\n    at yh (c:\\Users\\user\\.vscode\\extensions\\uqbar.wollok-lsp-ide-0.3.6\\out\\server\\src\\server.js:2291:42)\n    at c:\\Users\\user\\.vscode\\extensions\\uqbar.wollok-lsp-ide-0.3.6\\out\\server\\src\\server.js:2291:2700\n    at c:\\Users\\user\\.vscode\\extensions\\uqbar.wollok-lsp-ide-0.3.6\\out\\server\\src\\server.js:2298:3774\n    at c:\\Users\\user\\.vscode\\extensions\\uqbar.wollok-lsp-ide-0.3.6\\out\\server\\src\\server.js:37:74872\n    at Fe (c:\\Users\\user\\.vscode\\extensions\\uqbar.wollok-lsp-ide-0.3.6\\out\\server\\src\\server.js:7:8527)","timestamp":"2024-10-17T23:49:51.237Z"}
{"level":"info","message":"⌛ Validating Ejercicio%202/Comederos.wlk","timeElapsed":231,"timestamp":"2024-10-17T23:49:51.471Z"}
{"level":"info","message":"⌛ Validating Ejercicio%202/Comederos.wlk","timeElapsed":147,"timestamp":"2024-10-17T23:49:51.619Z"}
{"level":"info","message":"⌛ Building environment","timeElapsed":138,"timestamp":"2024-10-17T23:49:51.759Z"}
{"level":"info","message":"⌛ Validating Ejercicio%202/Comederos.wlk","timeElapsed":122,"timestamp":"2024-10-17T23:49:51.889Z"}
{"level":"info","message":"⌛ Building environment","timeElapsed":104,"timestamp":"2024-10-17T23:49:51.995Z"}
{"level":"info","message":"⌛ Building environment","timeElapsed":117,"timestamp":"2024-10-17T23:49:52.120Z"}
{"level":"error","message":"✘ Completions for node failed: Error: [Throw]{cfc905} at Ejercicio%202/Comederos.wlk:60 exhausted all cases without a match [Throw]{cfc905} at Ejercicio%202/Comederos.wlk:60 exhausted all cases without a match","stack":"Error: [Throw]{cfc905} at Ejercicio%202/Comederos.wlk:60 exhausted all cases without a match\n    at c:\\Users\\user\\.vscode\\extensions\\uqbar.wollok-lsp-ide-0.3.6\\out\\server\\src\\server.js:38:6067\n    at yh (c:\\Users\\user\\.vscode\\extensions\\uqbar.wollok-lsp-ide-0.3.6\\out\\server\\src\\server.js:2291:42)\n    at c:\\Users\\user\\.vscode\\extensions\\uqbar.wollok-lsp-ide-0.3.6\\out\\server\\src\\server.js:2291:2700\n    at c:\\Users\\user\\.vscode\\extensions\\uqbar.wollok-lsp-ide-0.3.6\\out\\server\\src\\server.js:2298:3774\n    at c:\\Users\\user\\.vscode\\extensions\\uqbar.wollok-lsp-ide-0.3.6\\out\\server\\src\\server.js:37:74872\n    at Fe (c:\\Users\\user\\.vscode\\extensions\\uqbar.wollok-lsp-ide-0.3.6\\out\\server\\src\\server.js:7:8527)\n    at Pt (c:\\Users\\user\\.vscode\\extensions\\uqbar.wollok-lsp-ide-0.3.6\\out\\server\\src\\server.js:7:6189)\n    at Gi (c:\\Users\\user\\.vscode\\extensions\\uqbar.wollok-lsp-ide-0.3.6\\out\\server\\src\\server.js:7:6378)\n    at Immediate._onImmediate (c:\\Users\\user\\.vscode\\extensions\\uqbar.wollok-lsp-ide-0.3.6\\out\\server\\src\\server.js:7:6142)\n    at process.processImmediate (node:internal/timers:483:21)","timestamp":"2024-10-17T23:49:52.149Z"}
{"level":"error","message":"✘ Completions for node failed: Error: [If]{4613c0} at Ejercicio%202/Comederos.wlk:55 exhausted all cases without a match [If]{4613c0} at Ejercicio%202/Comederos.wlk:55 exhausted all cases without a match","stack":"Error: [If]{4613c0} at Ejercicio%202/Comederos.wlk:55 exhausted all cases without a match\n    at c:\\Users\\user\\.vscode\\extensions\\uqbar.wollok-lsp-ide-0.3.6\\out\\server\\src\\server.js:38:6067\n    at yh (c:\\Users\\user\\.vscode\\extensions\\uqbar.wollok-lsp-ide-0.3.6\\out\\server\\src\\server.js:2291:42)\n    at kh (c:\\Users\\user\\.vscode\\extensions\\uqbar.wollok-lsp-ide-0.3.6\\out\\server\\src\\server.js:2291:1004)\n    at z5n (c:\\Users\\user\\.vscode\\extensions\\uqbar.wollok-lsp-ide-0.3.6\\out\\server\\src\\server.js:2291:730)\n    at c:\\Users\\user\\.vscode\\extensions\\uqbar.wollok-lsp-ide-0.3.6\\out\\server\\src\\server.js:38:6056\n    at yh (c:\\Users\\user\\.vscode\\extensions\\uqbar.wollok-lsp-ide-0.3.6\\out\\server\\src\\server.js:2291:42)\n    at kh (c:\\Users\\user\\.vscode\\extensions\\uqbar.wollok-lsp-ide-0.3.6\\out\\server\\src\\server.js:2291:1004)\n    at yh (c:\\Users\\user\\.vscode\\extensions\\uqbar.wollok-lsp-ide-0.3.6\\out\\server\\src\\server.js:2291:456)\n    at c:\\Users\\user\\.vscode\\extensions\\uqbar.wollok-lsp-ide-0.3.6\\out\\server\\src\\server.js:2291:2700\n    at c:\\Users\\user\\.vscode\\extensions\\uqbar.wollok-lsp-ide-0.3.6\\out\\server\\src\\server.js:2298:3774","timestamp":"2024-10-17T23:49:52.150Z"}
{"level":"info","message":"⌛ Building environment","timeElapsed":122,"timestamp":"2024-10-17T23:49:52.277Z"}
{"level":"info","message":"⌛ Building environment","timeElapsed":116,"timestamp":"2024-10-17T23:49:52.395Z"}
{"level":"info","message":"⌛ Building environment","timeElapsed":125,"timestamp":"2024-10-17T23:49:52.521Z"}
{"level":"info","message":"⌛ Validating Ejercicio%202/Comederos.wlk","timeElapsed":138,"timestamp":"2024-10-17T23:49:52.671Z"}
{"level":"info","message":"⌛ Validating Ejercicio%202/Comederos.wlk","timeElapsed":134,"timestamp":"2024-10-17T23:49:52.818Z"}
{"level":"info","message":"⌛ Validating Ejercicio%202/Comederos.wlk","timeElapsed":138,"timestamp":"2024-10-17T23:49:52.963Z"}
{"level":"info","message":"⌛ Building environment","timeElapsed":144,"timestamp":"2024-10-17T23:49:53.110Z"}
{"level":"info","message":"⌛ Validating Ejercicio%202/Comederos.wlk","timeElapsed":162,"timestamp":"2024-10-17T23:49:53.274Z"}
{"level":"info","message":"⌛ Validating Ejercicio%202/Comederos.wlk","timeElapsed":266,"timestamp":"2024-10-17T23:49:53.557Z"}
{"level":"info","message":"⌛ Building environment","timeElapsed":167,"timestamp":"2024-10-17T23:49:53.727Z"}
{"level":"info","message":"⌛ Validating Ejercicio%202/Comederos.wlk","timeElapsed":133,"timestamp":"2024-10-17T23:49:53.868Z"}
{"level":"info","message":"⌛ Building environment","timeElapsed":119,"timestamp":"2024-10-17T23:49:53.988Z"}
{"level":"error","message":"✘ Completions for node failed: Error: [If]{fac5b8} at Ejercicio%202/Comederos.wlk:55 exhausted all cases without a match [If]{fac5b8} at Ejercicio%202/Comederos.wlk:55 exhausted all cases without a match","stack":"Error: [If]{fac5b8} at Ejercicio%202/Comederos.wlk:55 exhausted all cases without a match\n    at c:\\Users\\user\\.vscode\\extensions\\uqbar.wollok-lsp-ide-0.3.6\\out\\server\\src\\server.js:38:6067\n    at yh (c:\\Users\\user\\.vscode\\extensions\\uqbar.wollok-lsp-ide-0.3.6\\out\\server\\src\\server.js:2291:42)\n    at kh (c:\\Users\\user\\.vscode\\extensions\\uqbar.wollok-lsp-ide-0.3.6\\out\\server\\src\\server.js:2291:1004)\n    at z5n (c:\\Users\\user\\.vscode\\extensions\\uqbar.wollok-lsp-ide-0.3.6\\out\\server\\src\\server.js:2291:730)\n    at c:\\Users\\user\\.vscode\\extensions\\uqbar.wollok-lsp-ide-0.3.6\\out\\server\\src\\server.js:38:6056\n    at yh (c:\\Users\\user\\.vscode\\extensions\\uqbar.wollok-lsp-ide-0.3.6\\out\\server\\src\\server.js:2291:42)\n    at c:\\Users\\user\\.vscode\\extensions\\uqbar.wollok-lsp-ide-0.3.6\\out\\server\\src\\server.js:2291:2700\n    at c:\\Users\\user\\.vscode\\extensions\\uqbar.wollok-lsp-ide-0.3.6\\out\\server\\src\\server.js:2298:3774\n    at c:\\Users\\user\\.vscode\\extensions\\uqbar.wollok-lsp-ide-0.3.6\\out\\server\\src\\server.js:37:74872\n    at Fe (c:\\Users\\user\\.vscode\\extensions\\uqbar.wollok-lsp-ide-0.3.6\\out\\server\\src\\server.js:7:8527)","timestamp":"2024-10-17T23:49:54.014Z"}
{"level":"info","message":"⌛ Building environment","timeElapsed":117,"timestamp":"2024-10-17T23:49:54.134Z"}
{"level":"info","message":"⌛ Building environment","timeElapsed":192,"timestamp":"2024-10-17T23:49:54.328Z"}
{"level":"info","message":"⌛ Building environment","timeElapsed":115,"timestamp":"2024-10-17T23:49:54.466Z"}
{"level":"info","message":"⌛ Building environment","timeElapsed":195,"timestamp":"2024-10-17T23:49:54.663Z"}
{"level":"info","message":"⌛ Validating Ejercicio%202/Comederos.wlk","timeElapsed":169,"timestamp":"2024-10-17T23:49:54.835Z"}
{"level":"info","message":"⌛ Building environment","timeElapsed":152,"timestamp":"2024-10-17T23:49:54.988Z"}
{"level":"info","message":"⌛ Building environment","timeElapsed":112,"timestamp":"2024-10-17T23:49:55.100Z"}
{"level":"info","message":"⌛ Building environment","timeElapsed":335,"timestamp":"2024-10-17T23:49:55.439Z"}
{"level":"info","message":"⌛ Building environment","timeElapsed":162,"timestamp":"2024-10-17T23:49:55.604Z"}
{"level":"info","message":"⌛ Validating Ejercicio%202/Comederos.wlk","timeElapsed":195,"timestamp":"2024-10-17T23:49:55.801Z"}
{"level":"info","message":"⌛ Validating Ejercicio%202/Comederos.wlk","timeElapsed":136,"timestamp":"2024-10-17T23:49:55.945Z"}
{"level":"info","message":"⌛ Validating Ejercicio%202/Comederos.wlk","timeElapsed":162,"timestamp":"2024-10-17T23:49:56.108Z"}
{"level":"info","message":"⌛ Validating Ejercicio%202/Comederos.wlk","timeElapsed":141,"timestamp":"2024-10-17T23:49:56.249Z"}
{"level":"info","message":"⌛ Validating Ejercicio%202/Comederos.wlk","timeElapsed":158,"timestamp":"2024-10-17T23:49:56.407Z"}
{"level":"info","message":"⌛ Validating Ejercicio%202/Comederos.wlk","timeElapsed":121,"timestamp":"2024-10-17T23:49:56.530Z"}
{"level":"info","message":"⌛ Validating Ejercicio%202/Comederos.wlk","timeElapsed":177,"timestamp":"2024-10-17T23:49:56.710Z"}
{"level":"info","message":"⌛ Validating Ejercicio%202/Comederos.wlk","timeElapsed":134,"timestamp":"2024-10-17T23:49:56.848Z"}
{"level":"info","message":"⌛ Building environment","timeElapsed":104,"timestamp":"2024-10-17T23:49:56.954Z"}
{"level":"error","message":"✘ Completions for node failed: Error: [If]{c4b3e3} at Ejercicio%202/Comederos.wlk:55 exhausted all cases without a match [If]{c4b3e3} at Ejercicio%202/Comederos.wlk:55 exhausted all cases without a match","stack":"Error: [If]{c4b3e3} at Ejercicio%202/Comederos.wlk:55 exhausted all cases without a match\n    at c:\\Users\\user\\.vscode\\extensions\\uqbar.wollok-lsp-ide-0.3.6\\out\\server\\src\\server.js:38:6067\n    at yh (c:\\Users\\user\\.vscode\\extensions\\uqbar.wollok-lsp-ide-0.3.6\\out\\server\\src\\server.js:2291:42)\n    at kh (c:\\Users\\user\\.vscode\\extensions\\uqbar.wollok-lsp-ide-0.3.6\\out\\server\\src\\server.js:2291:1004)\n    at z5n (c:\\Users\\user\\.vscode\\extensions\\uqbar.wollok-lsp-ide-0.3.6\\out\\server\\src\\server.js:2291:730)\n    at c:\\Users\\user\\.vscode\\extensions\\uqbar.wollok-lsp-ide-0.3.6\\out\\server\\src\\server.js:38:6056\n    at yh (c:\\Users\\user\\.vscode\\extensions\\uqbar.wollok-lsp-ide-0.3.6\\out\\server\\src\\server.js:2291:42)\n    at c:\\Users\\user\\.vscode\\extensions\\uqbar.wollok-lsp-ide-0.3.6\\out\\server\\src\\server.js:2291:2700\n    at c:\\Users\\user\\.vscode\\extensions\\uqbar.wollok-lsp-ide-0.3.6\\out\\server\\src\\server.js:2298:3774\n    at c:\\Users\\user\\.vscode\\extensions\\uqbar.wollok-lsp-ide-0.3.6\\out\\server\\src\\server.js:37:74872\n    at Fe (c:\\Users\\user\\.vscode\\extensions\\uqbar.wollok-lsp-ide-0.3.6\\out\\server\\src\\server.js:7:8527)","timestamp":"2024-10-17T23:49:56.983Z"}
{"level":"info","message":"⌛ Validating Ejercicio%202/Comederos.wlk","timeElapsed":133,"timestamp":"2024-10-17T23:49:57.219Z"}
{"level":"info","message":"⌛ Building environment","timeElapsed":191,"timestamp":"2024-10-17T23:49:57.415Z"}
{"level":"info","message":"⌛ Validating Ejercicio%202/Comederos.wlk","timeElapsed":290,"timestamp":"2024-10-17T23:49:57.706Z"}
{"level":"info","message":"⌛ Building environment","timeElapsed":171,"timestamp":"2024-10-17T23:49:57.883Z"}
{"level":"info","message":"⌛ Building environment","timeElapsed":106,"timestamp":"2024-10-17T23:49:57.991Z"}
{"level":"info","message":"⌛ Building environment","timeElapsed":239,"timestamp":"2024-10-17T23:49:58.248Z"}
{"level":"info","message":"⌛ Building environment","timeElapsed":114,"timestamp":"2024-10-17T23:49:58.375Z"}
{"level":"info","message":"⌛ Building environment","timeElapsed":111,"timestamp":"2024-10-17T23:49:58.493Z"}
{"level":"info","message":"⌛ Building environment","timeElapsed":146,"timestamp":"2024-10-17T23:49:58.643Z"}
{"level":"info","message":"⌛ Validating Ejercicio%202/Comederos.wlk","timeElapsed":170,"timestamp":"2024-10-17T23:49:58.813Z"}
{"level":"info","message":"⌛ Validating Ejercicio%202/Comederos.wlk","timeElapsed":214,"timestamp":"2024-10-17T23:49:59.038Z"}
{"level":"info","message":"⌛ Validating Ejercicio%202/Comederos.wlk","timeElapsed":198,"timestamp":"2024-10-17T23:49:59.237Z"}
{"level":"info","message":"⌛ Validating Ejercicio%202/Comederos.wlk","timeElapsed":134,"timestamp":"2024-10-17T23:49:59.373Z"}
{"level":"info","message":"⌛ Validating Ejercicio%202/Comederos.wlk","timeElapsed":118,"timestamp":"2024-10-17T23:49:59.494Z"}
{"level":"info","message":"⌛ Validating Ejercicio%202/Comederos.wlk","timeElapsed":130,"timestamp":"2024-10-17T23:49:59.628Z"}
{"level":"info","message":"⌛ Validating Ejercicio%202/Comederos.wlk","timeElapsed":140,"timestamp":"2024-10-17T23:49:59.799Z"}
{"level":"info","message":"⌛ Validating Ejercicio%202/Comederos.wlk","timeElapsed":133,"timestamp":"2024-10-17T23:49:59.932Z"}
{"level":"info","message":"⌛ Validating Ejercicio%202/Comederos.wlk","timeElapsed":134,"timestamp":"2024-10-17T23:50:00.068Z"}
{"level":"info","message":"⌛ Building environment","timeElapsed":265,"timestamp":"2024-10-17T23:50:00.336Z"}
{"level":"info","message":"⌛ Building environment","timeElapsed":163,"timestamp":"2024-10-17T23:50:00.508Z"}
{"level":"error","message":"✘ Completions for node failed: Error: [NamedArgument]{d4cc14} at Ejercicio%202/Comederos.wlk:60 exhausted all cases without a match [NamedArgument]{d4cc14} at Ejercicio%202/Comederos.wlk:60 exhausted all cases without a match","stack":"Error: [NamedArgument]{d4cc14} at Ejercicio%202/Comederos.wlk:60 exhausted all cases without a match\n    at c:\\Users\\user\\.vscode\\extensions\\uqbar.wollok-lsp-ide-0.3.6\\out\\server\\src\\server.js:38:6067\n    at yh (c:\\Users\\user\\.vscode\\extensions\\uqbar.wollok-lsp-ide-0.3.6\\out\\server\\src\\server.js:2291:42)\n    at c:\\Users\\user\\.vscode\\extensions\\uqbar.wollok-lsp-ide-0.3.6\\out\\server\\src\\server.js:2291:2700\n    at c:\\Users\\user\\.vscode\\extensions\\uqbar.wollok-lsp-ide-0.3.6\\out\\server\\src\\server.js:2298:3774\n    at c:\\Users\\user\\.vscode\\extensions\\uqbar.wollok-lsp-ide-0.3.6\\out\\server\\src\\server.js:37:74872\n    at Fe (c:\\Users\\user\\.vscode\\extensions\\uqbar.wollok-lsp-ide-0.3.6\\out\\server\\src\\server.js:7:8527)\n    at Pt (c:\\Users\\user\\.vscode\\extensions\\uqbar.wollok-lsp-ide-0.3.6\\out\\server\\src\\server.js:7:6189)\n    at Gi (c:\\Users\\user\\.vscode\\extensions\\uqbar.wollok-lsp-ide-0.3.6\\out\\server\\src\\server.js:7:6378)\n    at Immediate._onImmediate (c:\\Users\\user\\.vscode\\extensions\\uqbar.wollok-lsp-ide-0.3.6\\out\\server\\src\\server.js:7:6142)\n    at process.processImmediate (node:internal/timers:483:21)","timestamp":"2024-10-17T23:50:00.534Z"}
{"level":"info","message":"⌛ Validating Ejercicio%202/Comederos.wlk","timeElapsed":126,"timestamp":"2024-10-17T23:50:00.664Z"}
{"level":"info","message":"⌛ Building environment","timeElapsed":138,"timestamp":"2024-10-17T23:50:00.807Z"}
{"level":"info","message":"⌛ Validating Ejercicio%202/Comederos.wlk","timeElapsed":146,"timestamp":"2024-10-17T23:50:00.954Z"}
{"level":"info","message":"⌛ Validating Ejercicio%202/Comederos.wlk","timeElapsed":162,"timestamp":"2024-10-17T23:50:01.148Z"}
{"level":"info","message":"⌛ Building environment","timeElapsed":272,"timestamp":"2024-10-17T23:50:05.577Z"}
{"level":"info","message":"⌛ Validating Ejercicio%202/Comederos.wlk","timeElapsed":206,"timestamp":"2024-10-17T23:50:05.829Z"}
{"level":"info","message":"⌛ Building environment","timeElapsed":133,"timestamp":"2024-10-17T23:50:05.965Z"}
{"level":"info","message":"⌛ Validating Ejercicio%202/Comederos.wlk","timeElapsed":166,"timestamp":"2024-10-17T23:50:06.138Z"}
{"level":"info","message":"⌛ Building environment","timeElapsed":155,"timestamp":"2024-10-17T23:50:08.955Z"}
{"level":"info","message":"⌛ Validating Ejercicio%202/Comederos.wlk","timeElapsed":135,"timestamp":"2024-10-17T23:50:09.107Z"}
{"level":"info","message":"⌛ Building environment","timeElapsed":119,"timestamp":"2024-10-17T23:50:09.229Z"}
{"level":"info","message":"⌛ Validating Ejercicio%202/Comederos.wlk","timeElapsed":162,"timestamp":"2024-10-17T23:50:09.391Z"}
{"level":"info","message":"⌛ Building environment","timeElapsed":256,"timestamp":"2024-10-17T23:50:12.277Z"}
{"level":"info","message":"⌛ Validating Ejercicio%202/Comederos.wlk","timeElapsed":125,"timestamp":"2024-10-17T23:50:12.457Z"}
{"level":"info","message":"⌛ Building environment","timeElapsed":109,"timestamp":"2024-10-17T23:50:12.567Z"}
{"level":"info","message":"⌛ Validating Ejercicio%202/Comederos.wlk","timeElapsed":156,"timestamp":"2024-10-17T23:50:12.725Z"}
{"level":"info","message":"⌛ Building environment","timeElapsed":211,"timestamp":"2024-10-17T23:50:15.851Z"}
{"level":"info","message":"⌛ Validating Ejercicio%202/Estaci%C3%B3nDeServicio.wlk","timeElapsed":135,"timestamp":"2024-10-17T23:50:16.046Z"}
{"level":"info","message":"⌛ Building environment","timeElapsed":145,"timestamp":"2024-10-17T23:50:16.195Z"}
{"level":"info","message":"⌛ Validating Ejercicio%202/Estaci%C3%B3nDeServicio.wlk","timeElapsed":198,"timestamp":"2024-10-17T23:50:16.409Z"}
