{"level":"info","message":"⌛ Building environment","timeElapsed":500,"timestamp":"2024-09-24T01:19:41.578Z"}
{"level":"info","message":"onRequest - WORKSPACE_URI:file:///c%3A/Users/user/Desktop/Simbiosis/UTN/Segundo%20A%C3%B1o/Paradigmas%20de%20Programaci%C3%B3n/Objetos/Gu%C3%ADa%201/Ejercicio%2011","timestamp":"2024-09-24T01:19:41.585Z"}
{"level":"info","message":"⌛ Building environment","timeElapsed":127,"timestamp":"2024-09-24T01:19:41.714Z"}
{"level":"info","message":"⌛ Validating ejercicio11.wlk","timeElapsed":649,"timestamp":"2024-09-24T01:19:42.380Z"}
{"level":"info","message":"⌛ Building environment","timeElapsed":167,"timestamp":"2024-09-24T01:19:42.549Z"}
{"level":"info","message":"⌛ Validating ejercicio11.wlk","timeElapsed":140,"timestamp":"2024-09-24T01:19:42.711Z"}
{"error":["Error: Could not resolve reference to ejercicio11.wlk","  at Environment.getNodeByFQN (C:\\Users\\user\\AppData\\Roaming\\npm\\node_modules\\wollok-ts-cli\\node_modules\\wollok-ts\\dist\\model.js:705:19)","  at Command.default_1 (C:\\Users\\user\\AppData\\Roaming\\npm\\node_modules\\wollok-ts-cli\\build\\src\\commands\\run.js:71:44)","  at async Command.parseAsync (C:\\Users\\user\\AppData\\Roaming\\npm\\node_modules\\wollok-ts-cli\\node_modules\\commander\\lib\\command.js:936:5"],"level":"info","message":"🚀 Program executed ejercicio11.wlk on C:\\Users\\user\\Desktop\\Simbiosis\\UTN\\Segundo Año\\Paradigmas de Programación\\Objetos\\Guía 1\\Ejercicio 11","ok":false,"timeElapsed":668,"timestamp":"2024-09-24T01:23:20.285Z"}
{"level":"info","message":"⌛ Building environment","timeElapsed":207,"timestamp":"2024-09-24T01:45:33.551Z"}
{"level":"error","message":"✘ Completions for node failed: Error: ejercicio11.libro.clasificacion [Field]{fd9a03} at ejercicio11.wlk:2 exhausted all cases without a match ejercicio11.libro.clasificacion [Field]{fd9a03} at ejercicio11.wlk:2 exhausted all cases without a match","stack":"Error: ejercicio11.libro.clasificacion [Field]{fd9a03} at ejercicio11.wlk:2 exhausted all cases without a match\n    at c:\\Users\\user\\.vscode\\extensions\\uqbar.wollok-lsp-ide-0.3.4\\node_modules\\wollok-ts\\dist\\extensions.js:85:11\n    at completionsForNode (c:\\Users\\user\\.vscode\\extensions\\uqbar.wollok-lsp-ide-0.3.4\\server\\out\\functionalities\\autocomplete\\node-completion.js:10:44)\n    at completeForParent (c:\\Users\\user\\.vscode\\extensions\\uqbar.wollok-lsp-ide-0.3.4\\server\\out\\functionalities\\autocomplete\\node-completion.js:56:43)\n    at completeReference (c:\\Users\\user\\.vscode\\extensions\\uqbar.wollok-lsp-ide-0.3.4\\server\\out\\functionalities\\autocomplete\\node-completion.js:64:135)\n    at c:\\Users\\user\\.vscode\\extensions\\uqbar.wollok-lsp-ide-0.3.4\\node_modules\\wollok-ts\\dist\\extensions.js:84:20\n    at completionsForNode (c:\\Users\\user\\.vscode\\extensions\\uqbar.wollok-lsp-ide-0.3.4\\server\\out\\functionalities\\autocomplete\\node-completion.js:10:44)\n    at c:\\Users\\user\\.vscode\\extensions\\uqbar.wollok-lsp-ide-0.3.4\\server\\out\\functionalities\\autocomplete\\autocomplete.js:26:154\n    at c:\\Users\\user\\.vscode\\extensions\\uqbar.wollok-lsp-ide-0.3.4\\server\\out\\server.js:198:20\n    at c:\\Users\\user\\.vscode\\extensions\\uqbar.wollok-lsp-ide-0.3.4\\server\\node_modules\\vscode-languageserver\\lib\\common\\server.js:593:20\n    at handleRequest (c:\\Users\\user\\.vscode\\extensions\\uqbar.wollok-lsp-ide-0.3.4\\server\\node_modules\\vscode-jsonrpc\\lib\\common\\connection.js:493:41)","timestamp":"2024-09-24T01:45:33.601Z"}
{"level":"info","message":"⌛ Building environment","timeElapsed":154,"timestamp":"2024-09-24T01:45:33.759Z"}
{"level":"info","message":"⌛ Validating ejercicio11.wlk","timeElapsed":479,"timestamp":"2024-09-24T01:45:34.258Z"}
{"level":"info","message":"⌛ Building environment","timeElapsed":397,"timestamp":"2024-09-24T01:45:34.657Z"}
{"level":"info","message":"⌛ Building environment","timeElapsed":139,"timestamp":"2024-09-24T01:45:34.796Z"}
{"level":"error","message":"✘ Completions for node failed: Error: ejercicio11.libro.clasificacion [Field]{5c8a40} at ejercicio11.wlk:2 exhausted all cases without a match ejercicio11.libro.clasificacion [Field]{5c8a40} at ejercicio11.wlk:2 exhausted all cases without a match","stack":"Error: ejercicio11.libro.clasificacion [Field]{5c8a40} at ejercicio11.wlk:2 exhausted all cases without a match\n    at c:\\Users\\user\\.vscode\\extensions\\uqbar.wollok-lsp-ide-0.3.4\\node_modules\\wollok-ts\\dist\\extensions.js:85:11\n    at completionsForNode (c:\\Users\\user\\.vscode\\extensions\\uqbar.wollok-lsp-ide-0.3.4\\server\\out\\functionalities\\autocomplete\\node-completion.js:10:44)\n    at completeForParent (c:\\Users\\user\\.vscode\\extensions\\uqbar.wollok-lsp-ide-0.3.4\\server\\out\\functionalities\\autocomplete\\node-completion.js:56:43)\n    at completeReference (c:\\Users\\user\\.vscode\\extensions\\uqbar.wollok-lsp-ide-0.3.4\\server\\out\\functionalities\\autocomplete\\node-completion.js:64:135)\n    at c:\\Users\\user\\.vscode\\extensions\\uqbar.wollok-lsp-ide-0.3.4\\node_modules\\wollok-ts\\dist\\extensions.js:84:20\n    at completionsForNode (c:\\Users\\user\\.vscode\\extensions\\uqbar.wollok-lsp-ide-0.3.4\\server\\out\\functionalities\\autocomplete\\node-completion.js:10:44)\n    at c:\\Users\\user\\.vscode\\extensions\\uqbar.wollok-lsp-ide-0.3.4\\server\\out\\functionalities\\autocomplete\\autocomplete.js:26:154\n    at c:\\Users\\user\\.vscode\\extensions\\uqbar.wollok-lsp-ide-0.3.4\\server\\out\\server.js:198:20\n    at c:\\Users\\user\\.vscode\\extensions\\uqbar.wollok-lsp-ide-0.3.4\\server\\node_modules\\vscode-languageserver\\lib\\common\\server.js:593:20\n    at handleRequest (c:\\Users\\user\\.vscode\\extensions\\uqbar.wollok-lsp-ide-0.3.4\\server\\node_modules\\vscode-jsonrpc\\lib\\common\\connection.js:493:41)","timestamp":"2024-09-24T01:45:34.837Z"}
{"level":"info","message":"⌛ Building environment","timeElapsed":518,"timestamp":"2024-09-24T01:45:35.358Z"}
{"level":"info","message":"⌛ Validating ejercicio11.wlk","timeElapsed":215,"timestamp":"2024-09-24T01:45:35.596Z"}
{"level":"info","message":"⌛ Building environment","timeElapsed":204,"timestamp":"2024-09-24T01:45:35.804Z"}
{"level":"info","message":"⌛ Building environment","timeElapsed":105,"timestamp":"2024-09-24T01:45:35.936Z"}
{"level":"info","message":"⌛ Building environment","timeElapsed":296,"timestamp":"2024-09-24T01:45:36.235Z"}
{"level":"info","message":"⌛ Building environment","timeElapsed":161,"timestamp":"2024-09-24T01:45:36.408Z"}
{"level":"info","message":"⌛ Building environment","timeElapsed":180,"timestamp":"2024-09-24T01:45:36.589Z"}
{"level":"info","message":"⌛ Building environment","timeElapsed":228,"timestamp":"2024-09-24T01:45:36.818Z"}
{"level":"info","message":"⌛ Validating ejercicio11.wlk","timeElapsed":206,"timestamp":"2024-09-24T01:45:37.025Z"}
{"level":"info","message":"⌛ Validating ejercicio11.wlk","timeElapsed":163,"timestamp":"2024-09-24T01:45:37.195Z"}
{"level":"info","message":"⌛ Validating ejercicio11.wlk","timeElapsed":207,"timestamp":"2024-09-24T01:45:37.403Z"}
{"level":"info","message":"⌛ Validating ejercicio11.wlk","timeElapsed":197,"timestamp":"2024-09-24T01:45:37.608Z"}
{"level":"info","message":"⌛ Validating ejercicio11.wlk","timeElapsed":201,"timestamp":"2024-09-24T01:45:37.811Z"}
{"level":"info","message":"⌛ Validating ejercicio11.wlk","timeElapsed":161,"timestamp":"2024-09-24T01:45:37.973Z"}
{"level":"info","message":"⌛ Validating ejercicio11.wlk","timeElapsed":181,"timestamp":"2024-09-24T01:45:38.154Z"}
{"level":"info","message":"⌛ Validating ejercicio11.wlk","timeElapsed":180,"timestamp":"2024-09-24T01:45:38.335Z"}
{"level":"info","message":"⌛ Validating ejercicio11.wlk","timeElapsed":174,"timestamp":"2024-09-24T01:45:38.513Z"}
